2019-06-13 11:43:14.489  INFO 2932 --- [restartedMain] com.myexcel.doExcel.DoExcelApplication   : Starting DoExcelApplication on whx with PID 2932 (D:\workspace\IdeaProjects\doExcel\target\classes started by whx in D:\workspace\IdeaProjects\doExcel)
2019-06-13 11:43:14.494  INFO 2932 --- [restartedMain] com.myexcel.doExcel.DoExcelApplication   : No active profile set, falling back to default profiles: default
2019-06-13 11:43:14.579  INFO 2932 --- [restartedMain] .e.DevToolsPropertyDefaultsPostProcessor : Devtools property defaults active! Set 'spring.devtools.add-properties' to 'false' to disable
2019-06-13 11:43:14.580  INFO 2932 --- [restartedMain] .e.DevToolsPropertyDefaultsPostProcessor : For additional web related logging consider setting the 'logging.level.web' property to 'DEBUG'
2019-06-13 11:43:17.250  INFO 2932 --- [restartedMain] o.s.b.w.embedded.tomcat.TomcatWebServer  : Tomcat initialized with port(s): 8080 (http)
2019-06-13 11:43:17.286  INFO 2932 --- [restartedMain] o.apache.catalina.core.StandardService   : Starting service [Tomcat]
2019-06-13 11:43:17.286  INFO 2932 --- [restartedMain] org.apache.catalina.core.StandardEngine  : Starting Servlet engine: [Apache Tomcat/9.0.19]
2019-06-13 11:43:17.444  INFO 2932 --- [restartedMain] o.a.c.c.C.[.[localhost].[/doExcel]       : Initializing Spring embedded WebApplicationContext
2019-06-13 11:43:17.445  INFO 2932 --- [restartedMain] o.s.web.context.ContextLoader            : Root WebApplicationContext: initialization completed in 2865 ms
2019-06-13 11:43:17.631  INFO 2932 --- [restartedMain] c.a.d.s.b.a.DruidDataSourceAutoConfigure : Init DruidDataSource
2019-06-13 11:43:19.369  INFO 2932 --- [restartedMain] com.alibaba.druid.pool.DruidDataSource   : {dataSource-1} inited
2019-06-13 11:43:19.808  INFO 2932 --- [restartedMain] o.s.s.concurrent.ThreadPoolTaskExecutor  : Initializing ExecutorService 'applicationTaskExecutor'
2019-06-13 11:43:20.108  INFO 2932 --- [restartedMain] o.s.b.d.a.OptionalLiveReloadServer       : LiveReload server is running on port 35729
2019-06-13 11:43:20.196  INFO 2932 --- [restartedMain] o.s.b.w.embedded.tomcat.TomcatWebServer  : Tomcat started on port(s): 8080 (http) with context path '/doExcel'
2019-06-13 11:43:20.200  INFO 2932 --- [restartedMain] com.myexcel.doExcel.DoExcelApplication   : Started DoExcelApplication in 7.067 seconds (JVM running for 9.631)
2019-06-13 11:43:26.178  INFO 2932 --- [http-nio-8080-exec-1] o.a.c.c.C.[.[localhost].[/doExcel]       : Initializing Spring DispatcherServlet 'dispatcherServlet'
2019-06-13 11:43:26.178  INFO 2932 --- [http-nio-8080-exec-1] o.s.web.servlet.DispatcherServlet        : Initializing Servlet 'dispatcherServlet'
2019-06-13 11:43:26.186  INFO 2932 --- [http-nio-8080-exec-1] o.s.web.servlet.DispatcherServlet        : Completed initialization in 8 ms
2019-06-13 11:43:26.272 DEBUG 2932 --- [http-nio-8080-exec-1] c.m.doExcel.dao.TableDao.getTableList    : ==>  Preparing: SELECT a.table_schema, a.table_name, a.table_comment FROM information_schema.TABLES a WHERE a.table_type = 'BASE TABLE' AND a.table_schema = ? ORDER BY table_name 
2019-06-13 11:43:26.302 DEBUG 2932 --- [http-nio-8080-exec-1] c.m.doExcel.dao.TableDao.getTableList    : ==> Parameters: db_yw_sg(String)
2019-06-13 11:43:27.830 DEBUG 2932 --- [http-nio-8080-exec-1] c.m.doExcel.dao.TableDao.getTableList    : <==      Total: 124
2019-06-13 11:43:27.835 DEBUG 2932 --- [http-nio-8080-exec-1] c.m.doExcel.dao.TableDao.getColumn       : ==>  Preparing: SELECT b.table_schema, b.table_name, b.column_name, b.column_type, b.column_comment FROM information_schema.COLUMNS b WHERE b.table_schema = ? AND b.table_name = ? ORDER BY b.table_schema, b.table_name, b.ordinal_position 
2019-06-13 11:43:27.836 DEBUG 2932 --- [http-nio-8080-exec-1] c.m.doExcel.dao.TableDao.getColumn       : ==> Parameters: db_yw_sg(String), bpm_node_jump(String)
2019-06-13 11:43:29.514 DEBUG 2932 --- [http-nio-8080-exec-1] c.m.doExcel.dao.TableDao.getColumn       : <==      Total: 31
2019-06-13 11:43:29.518 DEBUG 2932 --- [http-nio-8080-exec-1] c.m.doExcel.dao.TableDao.getColumn       : ==>  Preparing: SELECT b.table_schema, b.table_name, b.column_name, b.column_type, b.column_comment FROM information_schema.COLUMNS b WHERE b.table_schema = ? AND b.table_name = ? ORDER BY b.table_schema, b.table_name, b.ordinal_position 
2019-06-13 11:43:29.519 DEBUG 2932 --- [http-nio-8080-exec-1] c.m.doExcel.dao.TableDao.getColumn       : ==> Parameters: db_yw_sg(String), bpm_node_run(String)
2019-06-13 11:43:29.529 DEBUG 2932 --- [http-nio-8080-exec-1] c.m.doExcel.dao.TableDao.getColumn       : <==      Total: 25
2019-06-13 11:43:29.530 DEBUG 2932 --- [http-nio-8080-exec-1] c.m.doExcel.dao.TableDao.getColumn       : ==>  Preparing: SELECT b.table_schema, b.table_name, b.column_name, b.column_type, b.column_comment FROM information_schema.COLUMNS b WHERE b.table_schema = ? AND b.table_name = ? ORDER BY b.table_schema, b.table_name, b.ordinal_position 
2019-06-13 11:43:29.531 DEBUG 2932 --- [http-nio-8080-exec-1] c.m.doExcel.dao.TableDao.getColumn       : ==> Parameters: db_yw_sg(String), bpm_node_set(String)
2019-06-13 11:43:29.543 DEBUG 2932 --- [http-nio-8080-exec-1] c.m.doExcel.dao.TableDao.getColumn       : <==      Total: 22
2019-06-13 11:43:29.544 DEBUG 2932 --- [http-nio-8080-exec-1] c.m.doExcel.dao.TableDao.getColumn       : ==>  Preparing: SELECT b.table_schema, b.table_name, b.column_name, b.column_type, b.column_comment FROM information_schema.COLUMNS b WHERE b.table_schema = ? AND b.table_name = ? ORDER BY b.table_schema, b.table_name, b.ordinal_position 
2019-06-13 11:43:29.545 DEBUG 2932 --- [http-nio-8080-exec-1] c.m.doExcel.dao.TableDao.getColumn       : ==> Parameters: db_yw_sg(String), country_area(String)
2019-06-13 11:43:29.553 DEBUG 2932 --- [http-nio-8080-exec-1] c.m.doExcel.dao.TableDao.getColumn       : <==      Total: 5
2019-06-13 11:43:29.554 DEBUG 2932 --- [http-nio-8080-exec-1] c.m.doExcel.dao.TableDao.getColumn       : ==>  Preparing: SELECT b.table_schema, b.table_name, b.column_name, b.column_type, b.column_comment FROM information_schema.COLUMNS b WHERE b.table_schema = ? AND b.table_name = ? ORDER BY b.table_schema, b.table_name, b.ordinal_position 
2019-06-13 11:43:29.554 DEBUG 2932 --- [http-nio-8080-exec-1] c.m.doExcel.dao.TableDao.getColumn       : ==> Parameters: db_yw_sg(String), digital_question_test(String)
2019-06-13 11:43:29.567 DEBUG 2932 --- [http-nio-8080-exec-1] c.m.doExcel.dao.TableDao.getColumn       : <==      Total: 24
2019-06-13 11:43:29.568 DEBUG 2932 --- [http-nio-8080-exec-1] c.m.doExcel.dao.TableDao.getColumn       : ==>  Preparing: SELECT b.table_schema, b.table_name, b.column_name, b.column_type, b.column_comment FROM information_schema.COLUMNS b WHERE b.table_schema = ? AND b.table_name = ? ORDER BY b.table_schema, b.table_name, b.ordinal_position 
2019-06-13 11:43:29.569 DEBUG 2932 --- [http-nio-8080-exec-1] c.m.doExcel.dao.TableDao.getColumn       : ==> Parameters: db_yw_sg(String), mob_authorized_access(String)
2019-06-13 11:43:29.574 DEBUG 2932 --- [http-nio-8080-exec-1] c.m.doExcel.dao.TableDao.getColumn       : <==      Total: 9
2019-06-13 11:43:29.575 DEBUG 2932 --- [http-nio-8080-exec-1] c.m.doExcel.dao.TableDao.getColumn       : ==>  Preparing: SELECT b.table_schema, b.table_name, b.column_name, b.column_type, b.column_comment FROM information_schema.COLUMNS b WHERE b.table_schema = ? AND b.table_name = ? ORDER BY b.table_schema, b.table_name, b.ordinal_position 
2019-06-13 11:43:29.576 DEBUG 2932 --- [http-nio-8080-exec-1] c.m.doExcel.dao.TableDao.getColumn       : ==> Parameters: db_yw_sg(String), mob_company_contract(String)
2019-06-13 11:43:29.584 DEBUG 2932 --- [http-nio-8080-exec-1] c.m.doExcel.dao.TableDao.getColumn       : <==      Total: 17
2019-06-13 11:43:29.585 DEBUG 2932 --- [http-nio-8080-exec-1] c.m.doExcel.dao.TableDao.getColumn       : ==>  Preparing: SELECT b.table_schema, b.table_name, b.column_name, b.column_type, b.column_comment FROM information_schema.COLUMNS b WHERE b.table_schema = ? AND b.table_name = ? ORDER BY b.table_schema, b.table_name, b.ordinal_position 
2019-06-13 11:43:29.586 DEBUG 2932 --- [http-nio-8080-exec-1] c.m.doExcel.dao.TableDao.getColumn       : ==> Parameters: db_yw_sg(String), mob_company_ext(String)
2019-06-13 11:43:29.594 DEBUG 2932 --- [http-nio-8080-exec-1] c.m.doExcel.dao.TableDao.getColumn       : <==      Total: 14
2019-06-13 11:43:29.596 DEBUG 2932 --- [http-nio-8080-exec-1] c.m.doExcel.dao.TableDao.getColumn       : ==>  Preparing: SELECT b.table_schema, b.table_name, b.column_name, b.column_type, b.column_comment FROM information_schema.COLUMNS b WHERE b.table_schema = ? AND b.table_name = ? ORDER BY b.table_schema, b.table_name, b.ordinal_position 
2019-06-13 11:43:29.597 DEBUG 2932 --- [http-nio-8080-exec-1] c.m.doExcel.dao.TableDao.getColumn       : ==> Parameters: db_yw_sg(String), mob_notice_news(String)
2019-06-13 11:43:29.603 DEBUG 2932 --- [http-nio-8080-exec-1] c.m.doExcel.dao.TableDao.getColumn       : <==      Total: 13
2019-06-13 11:43:29.604 DEBUG 2932 --- [http-nio-8080-exec-1] c.m.doExcel.dao.TableDao.getColumn       : ==>  Preparing: SELECT b.table_schema, b.table_name, b.column_name, b.column_type, b.column_comment FROM information_schema.COLUMNS b WHERE b.table_schema = ? AND b.table_name = ? ORDER BY b.table_schema, b.table_name, b.ordinal_position 
2019-06-13 11:43:29.605 DEBUG 2932 --- [http-nio-8080-exec-1] c.m.doExcel.dao.TableDao.getColumn       : ==> Parameters: db_yw_sg(String), mob_notice_news_annex(String)
2019-06-13 11:43:29.610 DEBUG 2932 --- [http-nio-8080-exec-1] c.m.doExcel.dao.TableDao.getColumn       : <==      Total: 8
2019-06-13 11:43:29.611 DEBUG 2932 --- [http-nio-8080-exec-1] c.m.doExcel.dao.TableDao.getColumn       : ==>  Preparing: SELECT b.table_schema, b.table_name, b.column_name, b.column_type, b.column_comment FROM information_schema.COLUMNS b WHERE b.table_schema = ? AND b.table_name = ? ORDER BY b.table_schema, b.table_name, b.ordinal_position 
2019-06-13 11:43:29.611 DEBUG 2932 --- [http-nio-8080-exec-1] c.m.doExcel.dao.TableDao.getColumn       : ==> Parameters: db_yw_sg(String), mob_notice_news_receiving_object(String)
2019-06-13 11:43:29.616 DEBUG 2932 --- [http-nio-8080-exec-1] c.m.doExcel.dao.TableDao.getColumn       : <==      Total: 8
2019-06-13 11:43:29.617 DEBUG 2932 --- [http-nio-8080-exec-1] c.m.doExcel.dao.TableDao.getColumn       : ==>  Preparing: SELECT b.table_schema, b.table_name, b.column_name, b.column_type, b.column_comment FROM information_schema.COLUMNS b WHERE b.table_schema = ? AND b.table_name = ? ORDER BY b.table_schema, b.table_name, b.ordinal_position 
2019-06-13 11:43:29.618 DEBUG 2932 --- [http-nio-8080-exec-1] c.m.doExcel.dao.TableDao.getColumn       : ==> Parameters: db_yw_sg(String), mob_problem_answer(String)
2019-06-13 11:43:29.648 DEBUG 2932 --- [http-nio-8080-exec-1] c.m.doExcel.dao.TableDao.getColumn       : <==      Total: 14
2019-06-13 11:43:29.649 DEBUG 2932 --- [http-nio-8080-exec-1] c.m.doExcel.dao.TableDao.getColumn       : ==>  Preparing: SELECT b.table_schema, b.table_name, b.column_name, b.column_type, b.column_comment FROM information_schema.COLUMNS b WHERE b.table_schema = ? AND b.table_name = ? ORDER BY b.table_schema, b.table_name, b.ordinal_position 
2019-06-13 11:43:29.649 DEBUG 2932 --- [http-nio-8080-exec-1] c.m.doExcel.dao.TableDao.getColumn       : ==> Parameters: db_yw_sg(String), mob_problem_options(String)
2019-06-13 11:43:29.666 DEBUG 2932 --- [http-nio-8080-exec-1] c.m.doExcel.dao.TableDao.getColumn       : <==      Total: 10
2019-06-13 11:43:29.667 DEBUG 2932 --- [http-nio-8080-exec-1] c.m.doExcel.dao.TableDao.getColumn       : ==>  Preparing: SELECT b.table_schema, b.table_name, b.column_name, b.column_type, b.column_comment FROM information_schema.COLUMNS b WHERE b.table_schema = ? AND b.table_name = ? ORDER BY b.table_schema, b.table_name, b.ordinal_position 
2019-06-13 11:43:29.668 DEBUG 2932 --- [http-nio-8080-exec-1] c.m.doExcel.dao.TableDao.getColumn       : ==> Parameters: db_yw_sg(String), mob_questionnaire(String)
2019-06-13 11:43:29.673 DEBUG 2932 --- [http-nio-8080-exec-1] c.m.doExcel.dao.TableDao.getColumn       : <==      Total: 14
2019-06-13 11:43:29.675 DEBUG 2932 --- [http-nio-8080-exec-1] c.m.doExcel.dao.TableDao.getColumn       : ==>  Preparing: SELECT b.table_schema, b.table_name, b.column_name, b.column_type, b.column_comment FROM information_schema.COLUMNS b WHERE b.table_schema = ? AND b.table_name = ? ORDER BY b.table_schema, b.table_name, b.ordinal_position 
2019-06-13 11:43:29.676 DEBUG 2932 --- [http-nio-8080-exec-1] c.m.doExcel.dao.TableDao.getColumn       : ==> Parameters: db_yw_sg(String), mob_questionnaire_problem(String)
2019-06-13 11:43:29.683 DEBUG 2932 --- [http-nio-8080-exec-1] c.m.doExcel.dao.TableDao.getColumn       : <==      Total: 12
2019-06-13 11:43:29.686 DEBUG 2932 --- [http-nio-8080-exec-1] c.m.doExcel.dao.TableDao.getColumn       : ==>  Preparing: SELECT b.table_schema, b.table_name, b.column_name, b.column_type, b.column_comment FROM information_schema.COLUMNS b WHERE b.table_schema = ? AND b.table_name = ? ORDER BY b.table_schema, b.table_name, b.ordinal_position 
2019-06-13 11:43:29.686 DEBUG 2932 --- [http-nio-8080-exec-1] c.m.doExcel.dao.TableDao.getColumn       : ==> Parameters: db_yw_sg(String), mob_questionnaire_receiving_object(String)
2019-06-13 11:43:29.693 DEBUG 2932 --- [http-nio-8080-exec-1] c.m.doExcel.dao.TableDao.getColumn       : <==      Total: 9
2019-06-13 11:43:29.694 DEBUG 2932 --- [http-nio-8080-exec-1] c.m.doExcel.dao.TableDao.getColumn       : ==>  Preparing: SELECT b.table_schema, b.table_name, b.column_name, b.column_type, b.column_comment FROM information_schema.COLUMNS b WHERE b.table_schema = ? AND b.table_name = ? ORDER BY b.table_schema, b.table_name, b.ordinal_position 
2019-06-13 11:43:29.695 DEBUG 2932 --- [http-nio-8080-exec-1] c.m.doExcel.dao.TableDao.getColumn       : ==> Parameters: db_yw_sg(String), mob_suggest(String)
2019-06-13 11:43:29.701 DEBUG 2932 --- [http-nio-8080-exec-1] c.m.doExcel.dao.TableDao.getColumn       : <==      Total: 14
2019-06-13 11:43:29.701 DEBUG 2932 --- [http-nio-8080-exec-1] c.m.doExcel.dao.TableDao.getColumn       : ==>  Preparing: SELECT b.table_schema, b.table_name, b.column_name, b.column_type, b.column_comment FROM information_schema.COLUMNS b WHERE b.table_schema = ? AND b.table_name = ? ORDER BY b.table_schema, b.table_name, b.ordinal_position 
2019-06-13 11:43:29.702 DEBUG 2932 --- [http-nio-8080-exec-1] c.m.doExcel.dao.TableDao.getColumn       : ==> Parameters: db_yw_sg(String), mob_suggest_attach(String)
2019-06-13 11:43:29.712 DEBUG 2932 --- [http-nio-8080-exec-1] c.m.doExcel.dao.TableDao.getColumn       : <==      Total: 8
2019-06-13 11:43:29.713 DEBUG 2932 --- [http-nio-8080-exec-1] c.m.doExcel.dao.TableDao.getColumn       : ==>  Preparing: SELECT b.table_schema, b.table_name, b.column_name, b.column_type, b.column_comment FROM information_schema.COLUMNS b WHERE b.table_schema = ? AND b.table_name = ? ORDER BY b.table_schema, b.table_name, b.ordinal_position 
2019-06-13 11:43:29.714 DEBUG 2932 --- [http-nio-8080-exec-1] c.m.doExcel.dao.TableDao.getColumn       : ==> Parameters: db_yw_sg(String), mob_suggest_reply(String)
2019-06-13 11:43:29.736 DEBUG 2932 --- [http-nio-8080-exec-1] c.m.doExcel.dao.TableDao.getColumn       : <==      Total: 9
2019-06-13 11:43:29.741 DEBUG 2932 --- [http-nio-8080-exec-1] c.m.doExcel.dao.TableDao.getColumn       : ==>  Preparing: SELECT b.table_schema, b.table_name, b.column_name, b.column_type, b.column_comment FROM information_schema.COLUMNS b WHERE b.table_schema = ? AND b.table_name = ? ORDER BY b.table_schema, b.table_name, b.ordinal_position 
2019-06-13 11:43:29.742 DEBUG 2932 --- [http-nio-8080-exec-1] c.m.doExcel.dao.TableDao.getColumn       : ==> Parameters: db_yw_sg(String), mob_system_settings(String)
2019-06-13 11:43:29.758 DEBUG 2932 --- [http-nio-8080-exec-1] c.m.doExcel.dao.TableDao.getColumn       : <==      Total: 9
2019-06-13 11:43:29.760 DEBUG 2932 --- [http-nio-8080-exec-1] c.m.doExcel.dao.TableDao.getColumn       : ==>  Preparing: SELECT b.table_schema, b.table_name, b.column_name, b.column_type, b.column_comment FROM information_schema.COLUMNS b WHERE b.table_schema = ? AND b.table_name = ? ORDER BY b.table_schema, b.table_name, b.ordinal_position 
2019-06-13 11:43:29.761 DEBUG 2932 --- [http-nio-8080-exec-1] c.m.doExcel.dao.TableDao.getColumn       : ==> Parameters: db_yw_sg(String), sys_app(String)
2019-06-13 11:43:29.769 DEBUG 2932 --- [http-nio-8080-exec-1] c.m.doExcel.dao.TableDao.getColumn       : <==      Total: 15
2019-06-13 11:43:29.770 DEBUG 2932 --- [http-nio-8080-exec-1] c.m.doExcel.dao.TableDao.getColumn       : ==>  Preparing: SELECT b.table_schema, b.table_name, b.column_name, b.column_type, b.column_comment FROM information_schema.COLUMNS b WHERE b.table_schema = ? AND b.table_name = ? ORDER BY b.table_schema, b.table_name, b.ordinal_position 
2019-06-13 11:43:29.770 DEBUG 2932 --- [http-nio-8080-exec-1] c.m.doExcel.dao.TableDao.getColumn       : ==> Parameters: db_yw_sg(String), sys_area(String)
2019-06-13 11:43:29.776 DEBUG 2932 --- [http-nio-8080-exec-1] c.m.doExcel.dao.TableDao.getColumn       : <==      Total: 14
2019-06-13 11:43:29.777 DEBUG 2932 --- [http-nio-8080-exec-1] c.m.doExcel.dao.TableDao.getColumn       : ==>  Preparing: SELECT b.table_schema, b.table_name, b.column_name, b.column_type, b.column_comment FROM information_schema.COLUMNS b WHERE b.table_schema = ? AND b.table_name = ? ORDER BY b.table_schema, b.table_name, b.ordinal_position 
2019-06-13 11:43:29.778 DEBUG 2932 --- [http-nio-8080-exec-1] c.m.doExcel.dao.TableDao.getColumn       : ==> Parameters: db_yw_sg(String), sys_car(String)
2019-06-13 11:43:29.799 DEBUG 2932 --- [http-nio-8080-exec-1] c.m.doExcel.dao.TableDao.getColumn       : <==      Total: 14
2019-06-13 11:43:29.800 DEBUG 2932 --- [http-nio-8080-exec-1] c.m.doExcel.dao.TableDao.getColumn       : ==>  Preparing: SELECT b.table_schema, b.table_name, b.column_name, b.column_type, b.column_comment FROM information_schema.COLUMNS b WHERE b.table_schema = ? AND b.table_name = ? ORDER BY b.table_schema, b.table_name, b.ordinal_position 
2019-06-13 11:43:29.800 DEBUG 2932 --- [http-nio-8080-exec-1] c.m.doExcel.dao.TableDao.getColumn       : ==> Parameters: db_yw_sg(String), sys_case_class(String)
2019-06-13 11:43:29.814 DEBUG 2932 --- [http-nio-8080-exec-1] c.m.doExcel.dao.TableDao.getColumn       : <==      Total: 37
2019-06-13 11:43:29.815 DEBUG 2932 --- [http-nio-8080-exec-1] c.m.doExcel.dao.TableDao.getColumn       : ==>  Preparing: SELECT b.table_schema, b.table_name, b.column_name, b.column_type, b.column_comment FROM information_schema.COLUMNS b WHERE b.table_schema = ? AND b.table_name = ? ORDER BY b.table_schema, b.table_name, b.ordinal_position 
2019-06-13 11:43:29.816 DEBUG 2932 --- [http-nio-8080-exec-1] c.m.doExcel.dao.TableDao.getColumn       : ==> Parameters: db_yw_sg(String), sys_case_class_dept(String)
2019-06-13 11:43:29.824 DEBUG 2932 --- [http-nio-8080-exec-1] c.m.doExcel.dao.TableDao.getColumn       : <==      Total: 13
2019-06-13 11:43:29.825 DEBUG 2932 --- [http-nio-8080-exec-1] c.m.doExcel.dao.TableDao.getColumn       : ==>  Preparing: SELECT b.table_schema, b.table_name, b.column_name, b.column_type, b.column_comment FROM information_schema.COLUMNS b WHERE b.table_schema = ? AND b.table_name = ? ORDER BY b.table_schema, b.table_name, b.ordinal_position 
2019-06-13 11:43:29.827 DEBUG 2932 --- [http-nio-8080-exec-1] c.m.doExcel.dao.TableDao.getColumn       : ==> Parameters: db_yw_sg(String), sys_case_class_standard(String)
2019-06-13 11:43:29.842 DEBUG 2932 --- [http-nio-8080-exec-1] c.m.doExcel.dao.TableDao.getColumn       : <==      Total: 23
2019-06-13 11:43:29.843 DEBUG 2932 --- [http-nio-8080-exec-1] c.m.doExcel.dao.TableDao.getColumn       : ==>  Preparing: SELECT b.table_schema, b.table_name, b.column_name, b.column_type, b.column_comment FROM information_schema.COLUMNS b WHERE b.table_schema = ? AND b.table_name = ? ORDER BY b.table_schema, b.table_name, b.ordinal_position 
2019-06-13 11:43:29.843 DEBUG 2932 --- [http-nio-8080-exec-1] c.m.doExcel.dao.TableDao.getColumn       : ==> Parameters: db_yw_sg(String), sys_case_source_set(String)
2019-06-13 11:43:29.851 DEBUG 2932 --- [http-nio-8080-exec-1] c.m.doExcel.dao.TableDao.getColumn       : <==      Total: 7
2019-06-13 11:43:29.852 DEBUG 2932 --- [http-nio-8080-exec-1] c.m.doExcel.dao.TableDao.getColumn       : ==>  Preparing: SELECT b.table_schema, b.table_name, b.column_name, b.column_type, b.column_comment FROM information_schema.COLUMNS b WHERE b.table_schema = ? AND b.table_name = ? ORDER BY b.table_schema, b.table_name, b.ordinal_position 
2019-06-13 11:43:29.853 DEBUG 2932 --- [http-nio-8080-exec-1] c.m.doExcel.dao.TableDao.getColumn       : ==> Parameters: db_yw_sg(String), sys_config(String)
2019-06-13 11:43:29.881 DEBUG 2932 --- [http-nio-8080-exec-1] c.m.doExcel.dao.TableDao.getColumn       : <==      Total: 15
2019-06-13 11:43:29.883 DEBUG 2932 --- [http-nio-8080-exec-1] c.m.doExcel.dao.TableDao.getColumn       : ==>  Preparing: SELECT b.table_schema, b.table_name, b.column_name, b.column_type, b.column_comment FROM information_schema.COLUMNS b WHERE b.table_schema = ? AND b.table_name = ? ORDER BY b.table_schema, b.table_name, b.ordinal_position 
2019-06-13 11:43:29.883 DEBUG 2932 --- [http-nio-8080-exec-1] c.m.doExcel.dao.TableDao.getColumn       : ==> Parameters: db_yw_sg(String), sys_data_backup(String)
2019-06-13 11:43:29.888 DEBUG 2932 --- [http-nio-8080-exec-1] c.m.doExcel.dao.TableDao.getColumn       : <==      Total: 11
2019-06-13 11:43:29.889 DEBUG 2932 --- [http-nio-8080-exec-1] c.m.doExcel.dao.TableDao.getColumn       : ==>  Preparing: SELECT b.table_schema, b.table_name, b.column_name, b.column_type, b.column_comment FROM information_schema.COLUMNS b WHERE b.table_schema = ? AND b.table_name = ? ORDER BY b.table_schema, b.table_name, b.ordinal_position 
2019-06-13 11:43:29.890 DEBUG 2932 --- [http-nio-8080-exec-1] c.m.doExcel.dao.TableDao.getColumn       : ==> Parameters: db_yw_sg(String), sys_data_library(String)
2019-06-13 11:43:29.895 DEBUG 2932 --- [http-nio-8080-exec-1] c.m.doExcel.dao.TableDao.getColumn       : <==      Total: 10
2019-06-13 11:43:29.896 DEBUG 2932 --- [http-nio-8080-exec-1] c.m.doExcel.dao.TableDao.getColumn       : ==>  Preparing: SELECT b.table_schema, b.table_name, b.column_name, b.column_type, b.column_comment FROM information_schema.COLUMNS b WHERE b.table_schema = ? AND b.table_name = ? ORDER BY b.table_schema, b.table_name, b.ordinal_position 
2019-06-13 11:43:29.896 DEBUG 2932 --- [http-nio-8080-exec-1] c.m.doExcel.dao.TableDao.getColumn       : ==> Parameters: db_yw_sg(String), sys_data_library_article(String)
2019-06-13 11:43:29.901 DEBUG 2932 --- [http-nio-8080-exec-1] c.m.doExcel.dao.TableDao.getColumn       : <==      Total: 11
2019-06-13 11:43:29.902 DEBUG 2932 --- [http-nio-8080-exec-1] c.m.doExcel.dao.TableDao.getColumn       : ==>  Preparing: SELECT b.table_schema, b.table_name, b.column_name, b.column_type, b.column_comment FROM information_schema.COLUMNS b WHERE b.table_schema = ? AND b.table_name = ? ORDER BY b.table_schema, b.table_name, b.ordinal_position 
2019-06-13 11:43:29.902 DEBUG 2932 --- [http-nio-8080-exec-1] c.m.doExcel.dao.TableDao.getColumn       : ==> Parameters: db_yw_sg(String), sys_department(String)
2019-06-13 11:43:29.909 DEBUG 2932 --- [http-nio-8080-exec-1] c.m.doExcel.dao.TableDao.getColumn       : <==      Total: 20
2019-06-13 11:43:29.910 DEBUG 2932 --- [http-nio-8080-exec-1] c.m.doExcel.dao.TableDao.getColumn       : ==>  Preparing: SELECT b.table_schema, b.table_name, b.column_name, b.column_type, b.column_comment FROM information_schema.COLUMNS b WHERE b.table_schema = ? AND b.table_name = ? ORDER BY b.table_schema, b.table_name, b.ordinal_position 
2019-06-13 11:43:29.910 DEBUG 2932 --- [http-nio-8080-exec-1] c.m.doExcel.dao.TableDao.getColumn       : ==> Parameters: db_yw_sg(String), sys_dictionary(String)
2019-06-13 11:43:29.915 DEBUG 2932 --- [http-nio-8080-exec-1] c.m.doExcel.dao.TableDao.getColumn       : <==      Total: 13
2019-06-13 11:43:29.916 DEBUG 2932 --- [http-nio-8080-exec-1] c.m.doExcel.dao.TableDao.getColumn       : ==>  Preparing: SELECT b.table_schema, b.table_name, b.column_name, b.column_type, b.column_comment FROM information_schema.COLUMNS b WHERE b.table_schema = ? AND b.table_name = ? ORDER BY b.table_schema, b.table_name, b.ordinal_position 
2019-06-13 11:43:29.916 DEBUG 2932 --- [http-nio-8080-exec-1] c.m.doExcel.dao.TableDao.getColumn       : ==> Parameters: db_yw_sg(String), sys_directory(String)
2019-06-13 11:43:29.920 DEBUG 2932 --- [http-nio-8080-exec-1] c.m.doExcel.dao.TableDao.getColumn       : <==      Total: 15
2019-06-13 11:43:29.920 DEBUG 2932 --- [http-nio-8080-exec-1] c.m.doExcel.dao.TableDao.getColumn       : ==>  Preparing: SELECT b.table_schema, b.table_name, b.column_name, b.column_type, b.column_comment FROM information_schema.COLUMNS b WHERE b.table_schema = ? AND b.table_name = ? ORDER BY b.table_schema, b.table_name, b.ordinal_position 
2019-06-13 11:43:29.921 DEBUG 2932 --- [http-nio-8080-exec-1] c.m.doExcel.dao.TableDao.getColumn       : ==> Parameters: db_yw_sg(String), sys_error_log(String)
2019-06-13 11:43:29.924 DEBUG 2932 --- [http-nio-8080-exec-1] c.m.doExcel.dao.TableDao.getColumn       : <==      Total: 16
2019-06-13 11:43:29.925 DEBUG 2932 --- [http-nio-8080-exec-1] c.m.doExcel.dao.TableDao.getColumn       : ==>  Preparing: SELECT b.table_schema, b.table_name, b.column_name, b.column_type, b.column_comment FROM information_schema.COLUMNS b WHERE b.table_schema = ? AND b.table_name = ? ORDER BY b.table_schema, b.table_name, b.ordinal_position 
2019-06-13 11:43:29.925 DEBUG 2932 --- [http-nio-8080-exec-1] c.m.doExcel.dao.TableDao.getColumn       : ==> Parameters: db_yw_sg(String), sys_group(String)
2019-06-13 11:43:29.932 DEBUG 2932 --- [http-nio-8080-exec-1] c.m.doExcel.dao.TableDao.getColumn       : <==      Total: 12
2019-06-13 11:43:29.933 DEBUG 2932 --- [http-nio-8080-exec-1] c.m.doExcel.dao.TableDao.getColumn       : ==>  Preparing: SELECT b.table_schema, b.table_name, b.column_name, b.column_type, b.column_comment FROM information_schema.COLUMNS b WHERE b.table_schema = ? AND b.table_name = ? ORDER BY b.table_schema, b.table_name, b.ordinal_position 
2019-06-13 11:43:29.934 DEBUG 2932 --- [http-nio-8080-exec-1] c.m.doExcel.dao.TableDao.getColumn       : ==> Parameters: db_yw_sg(String), sys_group_directory(String)
2019-06-13 11:43:29.940 DEBUG 2932 --- [http-nio-8080-exec-1] c.m.doExcel.dao.TableDao.getColumn       : <==      Total: 3
2019-06-13 11:43:29.940 DEBUG 2932 --- [http-nio-8080-exec-1] c.m.doExcel.dao.TableDao.getColumn       : ==>  Preparing: SELECT b.table_schema, b.table_name, b.column_name, b.column_type, b.column_comment FROM information_schema.COLUMNS b WHERE b.table_schema = ? AND b.table_name = ? ORDER BY b.table_schema, b.table_name, b.ordinal_position 
2019-06-13 11:43:29.941 DEBUG 2932 --- [http-nio-8080-exec-1] c.m.doExcel.dao.TableDao.getColumn       : ==> Parameters: db_yw_sg(String), sys_holiday_init(String)
2019-06-13 11:43:29.947 DEBUG 2932 --- [http-nio-8080-exec-1] c.m.doExcel.dao.TableDao.getColumn       : <==      Total: 7
2019-06-13 11:43:29.948 DEBUG 2932 --- [http-nio-8080-exec-1] c.m.doExcel.dao.TableDao.getColumn       : ==>  Preparing: SELECT b.table_schema, b.table_name, b.column_name, b.column_type, b.column_comment FROM information_schema.COLUMNS b WHERE b.table_schema = ? AND b.table_name = ? ORDER BY b.table_schema, b.table_name, b.ordinal_position 
2019-06-13 11:43:29.948 DEBUG 2932 --- [http-nio-8080-exec-1] c.m.doExcel.dao.TableDao.getColumn       : ==> Parameters: db_yw_sg(String), sys_holiday_settings(String)
2019-06-13 11:43:29.953 DEBUG 2932 --- [http-nio-8080-exec-1] c.m.doExcel.dao.TableDao.getColumn       : <==      Total: 11
2019-06-13 11:43:29.954 DEBUG 2932 --- [http-nio-8080-exec-1] c.m.doExcel.dao.TableDao.getColumn       : ==>  Preparing: SELECT b.table_schema, b.table_name, b.column_name, b.column_type, b.column_comment FROM information_schema.COLUMNS b WHERE b.table_schema = ? AND b.table_name = ? ORDER BY b.table_schema, b.table_name, b.ordinal_position 
2019-06-13 11:43:29.955 DEBUG 2932 --- [http-nio-8080-exec-1] c.m.doExcel.dao.TableDao.getColumn       : ==> Parameters: db_yw_sg(String), sys_icon(String)
2019-06-13 11:43:29.960 DEBUG 2932 --- [http-nio-8080-exec-1] c.m.doExcel.dao.TableDao.getColumn       : <==      Total: 12
2019-06-13 11:43:29.961 DEBUG 2932 --- [http-nio-8080-exec-1] c.m.doExcel.dao.TableDao.getColumn       : ==>  Preparing: SELECT b.table_schema, b.table_name, b.column_name, b.column_type, b.column_comment FROM information_schema.COLUMNS b WHERE b.table_schema = ? AND b.table_name = ? ORDER BY b.table_schema, b.table_name, b.ordinal_position 
2019-06-13 11:43:29.962 DEBUG 2932 --- [http-nio-8080-exec-1] c.m.doExcel.dao.TableDao.getColumn       : ==> Parameters: db_yw_sg(String), sys_layer_config(String)
2019-06-13 11:43:29.969 DEBUG 2932 --- [http-nio-8080-exec-1] c.m.doExcel.dao.TableDao.getColumn       : <==      Total: 11
2019-06-13 11:43:29.971 DEBUG 2932 --- [http-nio-8080-exec-1] c.m.doExcel.dao.TableDao.getColumn       : ==>  Preparing: SELECT b.table_schema, b.table_name, b.column_name, b.column_type, b.column_comment FROM information_schema.COLUMNS b WHERE b.table_schema = ? AND b.table_name = ? ORDER BY b.table_schema, b.table_name, b.ordinal_position 
2019-06-13 11:43:29.971 DEBUG 2932 --- [http-nio-8080-exec-1] c.m.doExcel.dao.TableDao.getColumn       : ==> Parameters: db_yw_sg(String), sys_login_log(String)
2019-06-13 11:43:29.977 DEBUG 2932 --- [http-nio-8080-exec-1] c.m.doExcel.dao.TableDao.getColumn       : <==      Total: 13
2019-06-13 11:43:29.978 DEBUG 2932 --- [http-nio-8080-exec-1] c.m.doExcel.dao.TableDao.getColumn       : ==>  Preparing: SELECT b.table_schema, b.table_name, b.column_name, b.column_type, b.column_comment FROM information_schema.COLUMNS b WHERE b.table_schema = ? AND b.table_name = ? ORDER BY b.table_schema, b.table_name, b.ordinal_position 
2019-06-13 11:43:29.978 DEBUG 2932 --- [http-nio-8080-exec-1] c.m.doExcel.dao.TableDao.getColumn       : ==> Parameters: db_yw_sg(String), sys_mapserver_config(String)
2019-06-13 11:43:30.038 DEBUG 2932 --- [http-nio-8080-exec-1] c.m.doExcel.dao.TableDao.getColumn       : <==      Total: 17
2019-06-13 11:43:30.039 DEBUG 2932 --- [http-nio-8080-exec-1] c.m.doExcel.dao.TableDao.getColumn       : ==>  Preparing: SELECT b.table_schema, b.table_name, b.column_name, b.column_type, b.column_comment FROM information_schema.COLUMNS b WHERE b.table_schema = ? AND b.table_name = ? ORDER BY b.table_schema, b.table_name, b.ordinal_position 
2019-06-13 11:43:30.039 DEBUG 2932 --- [http-nio-8080-exec-1] c.m.doExcel.dao.TableDao.getColumn       : ==> Parameters: db_yw_sg(String), sys_menu(String)
2019-06-13 11:43:30.044 DEBUG 2932 --- [http-nio-8080-exec-1] c.m.doExcel.dao.TableDao.getColumn       : <==      Total: 18
2019-06-13 11:43:30.045 DEBUG 2932 --- [http-nio-8080-exec-1] c.m.doExcel.dao.TableDao.getColumn       : ==>  Preparing: SELECT b.table_schema, b.table_name, b.column_name, b.column_type, b.column_comment FROM information_schema.COLUMNS b WHERE b.table_schema = ? AND b.table_name = ? ORDER BY b.table_schema, b.table_name, b.ordinal_position 
2019-06-13 11:43:30.045 DEBUG 2932 --- [http-nio-8080-exec-1] c.m.doExcel.dao.TableDao.getColumn       : ==> Parameters: db_yw_sg(String), sys_message_rule(String)
2019-06-13 11:43:30.050 DEBUG 2932 --- [http-nio-8080-exec-1] c.m.doExcel.dao.TableDao.getColumn       : <==      Total: 5
2019-06-13 11:43:30.051 DEBUG 2932 --- [http-nio-8080-exec-1] c.m.doExcel.dao.TableDao.getColumn       : ==>  Preparing: SELECT b.table_schema, b.table_name, b.column_name, b.column_type, b.column_comment FROM information_schema.COLUMNS b WHERE b.table_schema = ? AND b.table_name = ? ORDER BY b.table_schema, b.table_name, b.ordinal_position 
2019-06-13 11:43:30.051 DEBUG 2932 --- [http-nio-8080-exec-1] c.m.doExcel.dao.TableDao.getColumn       : ==> Parameters: db_yw_sg(String), sys_message_rule_detail(String)
2019-06-13 11:43:30.057 DEBUG 2932 --- [http-nio-8080-exec-1] c.m.doExcel.dao.TableDao.getColumn       : <==      Total: 5
2019-06-13 11:43:30.058 DEBUG 2932 --- [http-nio-8080-exec-1] c.m.doExcel.dao.TableDao.getColumn       : ==>  Preparing: SELECT b.table_schema, b.table_name, b.column_name, b.column_type, b.column_comment FROM information_schema.COLUMNS b WHERE b.table_schema = ? AND b.table_name = ? ORDER BY b.table_schema, b.table_name, b.ordinal_position 
2019-06-13 11:43:30.058 DEBUG 2932 --- [http-nio-8080-exec-1] c.m.doExcel.dao.TableDao.getColumn       : ==> Parameters: db_yw_sg(String), sys_operation_log(String)
2019-06-13 11:43:30.064 DEBUG 2932 --- [http-nio-8080-exec-1] c.m.doExcel.dao.TableDao.getColumn       : <==      Total: 19
2019-06-13 11:43:30.065 DEBUG 2932 --- [http-nio-8080-exec-1] c.m.doExcel.dao.TableDao.getColumn       : ==>  Preparing: SELECT b.table_schema, b.table_name, b.column_name, b.column_type, b.column_comment FROM information_schema.COLUMNS b WHERE b.table_schema = ? AND b.table_name = ? ORDER BY b.table_schema, b.table_name, b.ordinal_position 
2019-06-13 11:43:30.065 DEBUG 2932 --- [http-nio-8080-exec-1] c.m.doExcel.dao.TableDao.getColumn       : ==> Parameters: db_yw_sg(String), sys_role(String)
2019-06-13 11:43:30.077 DEBUG 2932 --- [http-nio-8080-exec-1] c.m.doExcel.dao.TableDao.getColumn       : <==      Total: 14
2019-06-13 11:43:30.078 DEBUG 2932 --- [http-nio-8080-exec-1] c.m.doExcel.dao.TableDao.getColumn       : ==>  Preparing: SELECT b.table_schema, b.table_name, b.column_name, b.column_type, b.column_comment FROM information_schema.COLUMNS b WHERE b.table_schema = ? AND b.table_name = ? ORDER BY b.table_schema, b.table_name, b.ordinal_position 
2019-06-13 11:43:30.078 DEBUG 2932 --- [http-nio-8080-exec-1] c.m.doExcel.dao.TableDao.getColumn       : ==> Parameters: db_yw_sg(String), sys_role_menu(String)
2019-06-13 11:43:30.084 DEBUG 2932 --- [http-nio-8080-exec-1] c.m.doExcel.dao.TableDao.getColumn       : <==      Total: 3
2019-06-13 11:43:30.084 DEBUG 2932 --- [http-nio-8080-exec-1] c.m.doExcel.dao.TableDao.getColumn       : ==>  Preparing: SELECT b.table_schema, b.table_name, b.column_name, b.column_type, b.column_comment FROM information_schema.COLUMNS b WHERE b.table_schema = ? AND b.table_name = ? ORDER BY b.table_schema, b.table_name, b.ordinal_position 
2019-06-13 11:43:30.085 DEBUG 2932 --- [http-nio-8080-exec-1] c.m.doExcel.dao.TableDao.getColumn       : ==> Parameters: db_yw_sg(String), sys_rule_dispatch(String)
2019-06-13 11:43:30.093 DEBUG 2932 --- [http-nio-8080-exec-1] c.m.doExcel.dao.TableDao.getColumn       : <==      Total: 9
2019-06-13 11:43:30.093 DEBUG 2932 --- [http-nio-8080-exec-1] c.m.doExcel.dao.TableDao.getColumn       : ==>  Preparing: SELECT b.table_schema, b.table_name, b.column_name, b.column_type, b.column_comment FROM information_schema.COLUMNS b WHERE b.table_schema = ? AND b.table_name = ? ORDER BY b.table_schema, b.table_name, b.ordinal_position 
2019-06-13 11:43:30.094 DEBUG 2932 --- [http-nio-8080-exec-1] c.m.doExcel.dao.TableDao.getColumn       : ==> Parameters: db_yw_sg(String), sys_rule_dispatch_check(String)
2019-06-13 11:43:30.100 DEBUG 2932 --- [http-nio-8080-exec-1] c.m.doExcel.dao.TableDao.getColumn       : <==      Total: 16
2019-06-13 11:43:30.101 DEBUG 2932 --- [http-nio-8080-exec-1] c.m.doExcel.dao.TableDao.getColumn       : ==>  Preparing: SELECT b.table_schema, b.table_name, b.column_name, b.column_type, b.column_comment FROM information_schema.COLUMNS b WHERE b.table_schema = ? AND b.table_name = ? ORDER BY b.table_schema, b.table_name, b.ordinal_position 
2019-06-13 11:43:30.101 DEBUG 2932 --- [http-nio-8080-exec-1] c.m.doExcel.dao.TableDao.getColumn       : ==> Parameters: db_yw_sg(String), sys_rule_dispatch_verify(String)
2019-06-13 11:43:30.109 DEBUG 2932 --- [http-nio-8080-exec-1] c.m.doExcel.dao.TableDao.getColumn       : <==      Total: 16
2019-06-13 11:43:30.109 DEBUG 2932 --- [http-nio-8080-exec-1] c.m.doExcel.dao.TableDao.getColumn       : ==>  Preparing: SELECT b.table_schema, b.table_name, b.column_name, b.column_type, b.column_comment FROM information_schema.COLUMNS b WHERE b.table_schema = ? AND b.table_name = ? ORDER BY b.table_schema, b.table_name, b.ordinal_position 
2019-06-13 11:43:30.110 DEBUG 2932 --- [http-nio-8080-exec-1] c.m.doExcel.dao.TableDao.getColumn       : ==> Parameters: db_yw_sg(String), sys_rule_inter_filing(String)
2019-06-13 11:43:30.115 DEBUG 2932 --- [http-nio-8080-exec-1] c.m.doExcel.dao.TableDao.getColumn       : <==      Total: 14
2019-06-13 11:43:30.116 DEBUG 2932 --- [http-nio-8080-exec-1] c.m.doExcel.dao.TableDao.getColumn       : ==>  Preparing: SELECT b.table_schema, b.table_name, b.column_name, b.column_type, b.column_comment FROM information_schema.COLUMNS b WHERE b.table_schema = ? AND b.table_name = ? ORDER BY b.table_schema, b.table_name, b.ordinal_position 
2019-06-13 11:43:30.116 DEBUG 2932 --- [http-nio-8080-exec-1] c.m.doExcel.dao.TableDao.getColumn       : ==> Parameters: db_yw_sg(String), sys_rule_inter_learning(String)
2019-06-13 11:43:30.123 DEBUG 2932 --- [http-nio-8080-exec-1] c.m.doExcel.dao.TableDao.getColumn       : <==      Total: 10
2019-06-13 11:43:30.124 DEBUG 2932 --- [http-nio-8080-exec-1] c.m.doExcel.dao.TableDao.getColumn       : ==>  Preparing: SELECT b.table_schema, b.table_name, b.column_name, b.column_type, b.column_comment FROM information_schema.COLUMNS b WHERE b.table_schema = ? AND b.table_name = ? ORDER BY b.table_schema, b.table_name, b.ordinal_position 
2019-06-13 11:43:30.124 DEBUG 2932 --- [http-nio-8080-exec-1] c.m.doExcel.dao.TableDao.getColumn       : ==> Parameters: db_yw_sg(String), sys_rule_inter_register(String)
2019-06-13 11:43:30.129 DEBUG 2932 --- [http-nio-8080-exec-1] c.m.doExcel.dao.TableDao.getColumn       : <==      Total: 14
2019-06-13 11:43:30.130 DEBUG 2932 --- [http-nio-8080-exec-1] c.m.doExcel.dao.TableDao.getColumn       : ==>  Preparing: SELECT b.table_schema, b.table_name, b.column_name, b.column_type, b.column_comment FROM information_schema.COLUMNS b WHERE b.table_schema = ? AND b.table_name = ? ORDER BY b.table_schema, b.table_name, b.ordinal_position 
2019-06-13 11:43:30.131 DEBUG 2932 --- [http-nio-8080-exec-1] c.m.doExcel.dao.TableDao.getColumn       : ==> Parameters: db_yw_sg(String), sys_schedule(String)
2019-06-13 11:43:30.139 DEBUG 2932 --- [http-nio-8080-exec-1] c.m.doExcel.dao.TableDao.getColumn       : <==      Total: 13
2019-06-13 11:43:30.140 DEBUG 2932 --- [http-nio-8080-exec-1] c.m.doExcel.dao.TableDao.getColumn       : ==>  Preparing: SELECT b.table_schema, b.table_name, b.column_name, b.column_type, b.column_comment FROM information_schema.COLUMNS b WHERE b.table_schema = ? AND b.table_name = ? ORDER BY b.table_schema, b.table_name, b.ordinal_position 
2019-06-13 11:43:30.140 DEBUG 2932 --- [http-nio-8080-exec-1] c.m.doExcel.dao.TableDao.getColumn       : ==> Parameters: db_yw_sg(String), sys_student(String)
2019-06-13 11:43:30.152 DEBUG 2932 --- [http-nio-8080-exec-1] c.m.doExcel.dao.TableDao.getColumn       : <==      Total: 9
2019-06-13 11:43:30.154 DEBUG 2932 --- [http-nio-8080-exec-1] c.m.doExcel.dao.TableDao.getColumn       : ==>  Preparing: SELECT b.table_schema, b.table_name, b.column_name, b.column_type, b.column_comment FROM information_schema.COLUMNS b WHERE b.table_schema = ? AND b.table_name = ? ORDER BY b.table_schema, b.table_name, b.ordinal_position 
2019-06-13 11:43:30.155 DEBUG 2932 --- [http-nio-8080-exec-1] c.m.doExcel.dao.TableDao.getColumn       : ==> Parameters: db_yw_sg(String), sys_user(String)
2019-06-13 11:43:30.165 DEBUG 2932 --- [http-nio-8080-exec-1] c.m.doExcel.dao.TableDao.getColumn       : <==      Total: 20
2019-06-13 11:43:30.166 DEBUG 2932 --- [http-nio-8080-exec-1] c.m.doExcel.dao.TableDao.getColumn       : ==>  Preparing: SELECT b.table_schema, b.table_name, b.column_name, b.column_type, b.column_comment FROM information_schema.COLUMNS b WHERE b.table_schema = ? AND b.table_name = ? ORDER BY b.table_schema, b.table_name, b.ordinal_position 
2019-06-13 11:43:30.167 DEBUG 2932 --- [http-nio-8080-exec-1] c.m.doExcel.dao.TableDao.getColumn       : ==> Parameters: db_yw_sg(String), sys_user_department(String)
2019-06-13 11:43:30.172 DEBUG 2932 --- [http-nio-8080-exec-1] c.m.doExcel.dao.TableDao.getColumn       : <==      Total: 4
2019-06-13 11:43:30.173 DEBUG 2932 --- [http-nio-8080-exec-1] c.m.doExcel.dao.TableDao.getColumn       : ==>  Preparing: SELECT b.table_schema, b.table_name, b.column_name, b.column_type, b.column_comment FROM information_schema.COLUMNS b WHERE b.table_schema = ? AND b.table_name = ? ORDER BY b.table_schema, b.table_name, b.ordinal_position 
2019-06-13 11:43:30.174 DEBUG 2932 --- [http-nio-8080-exec-1] c.m.doExcel.dao.TableDao.getColumn       : ==> Parameters: db_yw_sg(String), sys_user_online_day(String)
2019-06-13 11:43:30.178 DEBUG 2932 --- [http-nio-8080-exec-1] c.m.doExcel.dao.TableDao.getColumn       : <==      Total: 6
2019-06-13 11:43:30.179 DEBUG 2932 --- [http-nio-8080-exec-1] c.m.doExcel.dao.TableDao.getColumn       : ==>  Preparing: SELECT b.table_schema, b.table_name, b.column_name, b.column_type, b.column_comment FROM information_schema.COLUMNS b WHERE b.table_schema = ? AND b.table_name = ? ORDER BY b.table_schema, b.table_name, b.ordinal_position 
2019-06-13 11:43:30.179 DEBUG 2932 --- [http-nio-8080-exec-1] c.m.doExcel.dao.TableDao.getColumn       : ==> Parameters: db_yw_sg(String), sys_user_online_history(String)
2019-06-13 11:43:30.186 DEBUG 2932 --- [http-nio-8080-exec-1] c.m.doExcel.dao.TableDao.getColumn       : <==      Total: 6
2019-06-13 11:43:30.188 DEBUG 2932 --- [http-nio-8080-exec-1] c.m.doExcel.dao.TableDao.getColumn       : ==>  Preparing: SELECT b.table_schema, b.table_name, b.column_name, b.column_type, b.column_comment FROM information_schema.COLUMNS b WHERE b.table_schema = ? AND b.table_name = ? ORDER BY b.table_schema, b.table_name, b.ordinal_position 
2019-06-13 11:43:30.188 DEBUG 2932 --- [http-nio-8080-exec-1] c.m.doExcel.dao.TableDao.getColumn       : ==> Parameters: db_yw_sg(String), sys_user_role(String)
2019-06-13 11:43:30.192 DEBUG 2932 --- [http-nio-8080-exec-1] c.m.doExcel.dao.TableDao.getColumn       : <==      Total: 3
2019-06-13 11:43:30.193 DEBUG 2932 --- [http-nio-8080-exec-1] c.m.doExcel.dao.TableDao.getColumn       : ==>  Preparing: SELECT b.table_schema, b.table_name, b.column_name, b.column_type, b.column_comment FROM information_schema.COLUMNS b WHERE b.table_schema = ? AND b.table_name = ? ORDER BY b.table_schema, b.table_name, b.ordinal_position 
2019-06-13 11:43:30.194 DEBUG 2932 --- [http-nio-8080-exec-1] c.m.doExcel.dao.TableDao.getColumn       : ==> Parameters: db_yw_sg(String), sys_video(String)
2019-06-13 11:43:30.201 DEBUG 2932 --- [http-nio-8080-exec-1] c.m.doExcel.dao.TableDao.getColumn       : <==      Total: 14
2019-06-13 11:43:30.202 DEBUG 2932 --- [http-nio-8080-exec-1] c.m.doExcel.dao.TableDao.getColumn       : ==>  Preparing: SELECT b.table_schema, b.table_name, b.column_name, b.column_type, b.column_comment FROM information_schema.COLUMNS b WHERE b.table_schema = ? AND b.table_name = ? ORDER BY b.table_schema, b.table_name, b.ordinal_position 
2019-06-13 11:43:30.202 DEBUG 2932 --- [http-nio-8080-exec-1] c.m.doExcel.dao.TableDao.getColumn       : ==> Parameters: db_yw_sg(String), sys_work_plan(String)
2019-06-13 11:43:30.207 DEBUG 2932 --- [http-nio-8080-exec-1] c.m.doExcel.dao.TableDao.getColumn       : <==      Total: 14
2019-06-13 11:43:30.209 DEBUG 2932 --- [http-nio-8080-exec-1] c.m.doExcel.dao.TableDao.getColumn       : ==>  Preparing: SELECT b.table_schema, b.table_name, b.column_name, b.column_type, b.column_comment FROM information_schema.COLUMNS b WHERE b.table_schema = ? AND b.table_name = ? ORDER BY b.table_schema, b.table_name, b.ordinal_position 
2019-06-13 11:43:30.210 DEBUG 2932 --- [http-nio-8080-exec-1] c.m.doExcel.dao.TableDao.getColumn       : ==> Parameters: db_yw_sg(String), t_sm_problem(String)
2019-06-13 11:43:30.219 DEBUG 2932 --- [http-nio-8080-exec-1] c.m.doExcel.dao.TableDao.getColumn       : <==      Total: 14
2019-06-13 11:43:30.221 DEBUG 2932 --- [http-nio-8080-exec-1] c.m.doExcel.dao.TableDao.getColumn       : ==>  Preparing: SELECT b.table_schema, b.table_name, b.column_name, b.column_type, b.column_comment FROM information_schema.COLUMNS b WHERE b.table_schema = ? AND b.table_name = ? ORDER BY b.table_schema, b.table_name, b.ordinal_position 
2019-06-13 11:43:30.221 DEBUG 2932 --- [http-nio-8080-exec-1] c.m.doExcel.dao.TableDao.getColumn       : ==> Parameters: db_yw_sg(String), t_sm_problem_reply(String)
2019-06-13 11:43:30.235 DEBUG 2932 --- [http-nio-8080-exec-1] c.m.doExcel.dao.TableDao.getColumn       : <==      Total: 9
2019-06-13 11:43:30.236 DEBUG 2932 --- [http-nio-8080-exec-1] c.m.doExcel.dao.TableDao.getColumn       : ==>  Preparing: SELECT b.table_schema, b.table_name, b.column_name, b.column_type, b.column_comment FROM information_schema.COLUMNS b WHERE b.table_schema = ? AND b.table_name = ? ORDER BY b.table_schema, b.table_name, b.ordinal_position 
2019-06-13 11:43:30.237 DEBUG 2932 --- [http-nio-8080-exec-1] c.m.doExcel.dao.TableDao.getColumn       : ==> Parameters: db_yw_sg(String), t_sm_question_answer(String)
2019-06-13 11:43:30.254 DEBUG 2932 --- [http-nio-8080-exec-1] c.m.doExcel.dao.TableDao.getColumn       : <==      Total: 14
2019-06-13 11:43:30.255 DEBUG 2932 --- [http-nio-8080-exec-1] c.m.doExcel.dao.TableDao.getColumn       : ==>  Preparing: SELECT b.table_schema, b.table_name, b.column_name, b.column_type, b.column_comment FROM information_schema.COLUMNS b WHERE b.table_schema = ? AND b.table_name = ? ORDER BY b.table_schema, b.table_name, b.ordinal_position 
2019-06-13 11:43:30.255 DEBUG 2932 --- [http-nio-8080-exec-1] c.m.doExcel.dao.TableDao.getColumn       : ==> Parameters: db_yw_sg(String), t_sm_question_group(String)
2019-06-13 11:43:30.261 DEBUG 2932 --- [http-nio-8080-exec-1] c.m.doExcel.dao.TableDao.getColumn       : <==      Total: 12
2019-06-13 11:43:30.261 DEBUG 2932 --- [http-nio-8080-exec-1] c.m.doExcel.dao.TableDao.getColumn       : ==>  Preparing: SELECT b.table_schema, b.table_name, b.column_name, b.column_type, b.column_comment FROM information_schema.COLUMNS b WHERE b.table_schema = ? AND b.table_name = ? ORDER BY b.table_schema, b.table_name, b.ordinal_position 
2019-06-13 11:43:30.262 DEBUG 2932 --- [http-nio-8080-exec-1] c.m.doExcel.dao.TableDao.getColumn       : ==> Parameters: db_yw_sg(String), t_sm_question_item(String)
2019-06-13 11:43:30.267 DEBUG 2932 --- [http-nio-8080-exec-1] c.m.doExcel.dao.TableDao.getColumn       : <==      Total: 12
2019-06-13 11:43:30.267 DEBUG 2932 --- [http-nio-8080-exec-1] c.m.doExcel.dao.TableDao.getColumn       : ==>  Preparing: SELECT b.table_schema, b.table_name, b.column_name, b.column_type, b.column_comment FROM information_schema.COLUMNS b WHERE b.table_schema = ? AND b.table_name = ? ORDER BY b.table_schema, b.table_name, b.ordinal_position 
2019-06-13 11:43:30.268 DEBUG 2932 --- [http-nio-8080-exec-1] c.m.doExcel.dao.TableDao.getColumn       : ==> Parameters: db_yw_sg(String), t_sm_question_options(String)
2019-06-13 11:43:30.273 DEBUG 2932 --- [http-nio-8080-exec-1] c.m.doExcel.dao.TableDao.getColumn       : <==      Total: 9
2019-06-13 11:43:30.273 DEBUG 2932 --- [http-nio-8080-exec-1] c.m.doExcel.dao.TableDao.getColumn       : ==>  Preparing: SELECT b.table_schema, b.table_name, b.column_name, b.column_type, b.column_comment FROM information_schema.COLUMNS b WHERE b.table_schema = ? AND b.table_name = ? ORDER BY b.table_schema, b.table_name, b.ordinal_position 
2019-06-13 11:43:30.274 DEBUG 2932 --- [http-nio-8080-exec-1] c.m.doExcel.dao.TableDao.getColumn       : ==> Parameters: db_yw_sg(String), t_sm_receiving_object(String)
2019-06-13 11:43:30.278 DEBUG 2932 --- [http-nio-8080-exec-1] c.m.doExcel.dao.TableDao.getColumn       : <==      Total: 8
2019-06-13 11:43:30.281 DEBUG 2932 --- [http-nio-8080-exec-1] c.m.doExcel.dao.TableDao.getColumn       : ==>  Preparing: SELECT b.table_schema, b.table_name, b.column_name, b.column_type, b.column_comment FROM information_schema.COLUMNS b WHERE b.table_schema = ? AND b.table_name = ? ORDER BY b.table_schema, b.table_name, b.ordinal_position 
2019-06-13 11:43:30.282 DEBUG 2932 --- [http-nio-8080-exec-1] c.m.doExcel.dao.TableDao.getColumn       : ==> Parameters: db_yw_sg(String), um_access_parameter(String)
2019-06-13 11:43:30.287 DEBUG 2932 --- [http-nio-8080-exec-1] c.m.doExcel.dao.TableDao.getColumn       : <==      Total: 11
2019-06-13 11:43:30.287 DEBUG 2932 --- [http-nio-8080-exec-1] c.m.doExcel.dao.TableDao.getColumn       : ==>  Preparing: SELECT b.table_schema, b.table_name, b.column_name, b.column_type, b.column_comment FROM information_schema.COLUMNS b WHERE b.table_schema = ? AND b.table_name = ? ORDER BY b.table_schema, b.table_name, b.ordinal_position 
2019-06-13 11:43:30.288 DEBUG 2932 --- [http-nio-8080-exec-1] c.m.doExcel.dao.TableDao.getColumn       : ==> Parameters: db_yw_sg(String), um_event(String)
2019-06-13 11:43:30.299 DEBUG 2932 --- [http-nio-8080-exec-1] c.m.doExcel.dao.TableDao.getColumn       : <==      Total: 59
2019-06-13 11:43:30.300 DEBUG 2932 --- [http-nio-8080-exec-1] c.m.doExcel.dao.TableDao.getColumn       : ==>  Preparing: SELECT b.table_schema, b.table_name, b.column_name, b.column_type, b.column_comment FROM information_schema.COLUMNS b WHERE b.table_schema = ? AND b.table_name = ? ORDER BY b.table_schema, b.table_name, b.ordinal_position 
2019-06-13 11:43:30.300 DEBUG 2932 --- [http-nio-8080-exec-1] c.m.doExcel.dao.TableDao.getColumn       : ==> Parameters: db_yw_sg(String), um_evt_accept(String)
2019-06-13 11:43:30.313 DEBUG 2932 --- [http-nio-8080-exec-1] c.m.doExcel.dao.TableDao.getColumn       : <==      Total: 49
2019-06-13 11:43:30.319 DEBUG 2932 --- [http-nio-8080-exec-1] c.m.doExcel.dao.TableDao.getColumn       : ==>  Preparing: SELECT b.table_schema, b.table_name, b.column_name, b.column_type, b.column_comment FROM information_schema.COLUMNS b WHERE b.table_schema = ? AND b.table_name = ? ORDER BY b.table_schema, b.table_name, b.ordinal_position 
2019-06-13 11:43:30.319 DEBUG 2932 --- [http-nio-8080-exec-1] c.m.doExcel.dao.TableDao.getColumn       : ==> Parameters: db_yw_sg(String), um_evt_accept_relate(String)
2019-06-13 11:43:30.326 DEBUG 2932 --- [http-nio-8080-exec-1] c.m.doExcel.dao.TableDao.getColumn       : <==      Total: 12
2019-06-13 11:43:30.326 DEBUG 2932 --- [http-nio-8080-exec-1] c.m.doExcel.dao.TableDao.getColumn       : ==>  Preparing: SELECT b.table_schema, b.table_name, b.column_name, b.column_type, b.column_comment FROM information_schema.COLUMNS b WHERE b.table_schema = ? AND b.table_name = ? ORDER BY b.table_schema, b.table_name, b.ordinal_position 
2019-06-13 11:43:30.327 DEBUG 2932 --- [http-nio-8080-exec-1] c.m.doExcel.dao.TableDao.getColumn       : ==> Parameters: db_yw_sg(String), um_evt_appeal_evaluation(String)
2019-06-13 11:43:30.332 DEBUG 2932 --- [http-nio-8080-exec-1] c.m.doExcel.dao.TableDao.getColumn       : <==      Total: 26
2019-06-13 11:43:30.333 DEBUG 2932 --- [http-nio-8080-exec-1] c.m.doExcel.dao.TableDao.getColumn       : ==>  Preparing: SELECT b.table_schema, b.table_name, b.column_name, b.column_type, b.column_comment FROM information_schema.COLUMNS b WHERE b.table_schema = ? AND b.table_name = ? ORDER BY b.table_schema, b.table_name, b.ordinal_position 
2019-06-13 11:43:30.334 DEBUG 2932 --- [http-nio-8080-exec-1] c.m.doExcel.dao.TableDao.getColumn       : ==> Parameters: db_yw_sg(String), um_evt_attch(String)
2019-06-13 11:43:30.339 DEBUG 2932 --- [http-nio-8080-exec-1] c.m.doExcel.dao.TableDao.getColumn       : <==      Total: 17
2019-06-13 11:43:30.339 DEBUG 2932 --- [http-nio-8080-exec-1] c.m.doExcel.dao.TableDao.getColumn       : ==>  Preparing: SELECT b.table_schema, b.table_name, b.column_name, b.column_type, b.column_comment FROM information_schema.COLUMNS b WHERE b.table_schema = ? AND b.table_name = ? ORDER BY b.table_schema, b.table_name, b.ordinal_position 
2019-06-13 11:43:30.340 DEBUG 2932 --- [http-nio-8080-exec-1] c.m.doExcel.dao.TableDao.getColumn       : ==> Parameters: db_yw_sg(String), um_evt_audit(String)
2019-06-13 11:43:30.345 DEBUG 2932 --- [http-nio-8080-exec-1] c.m.doExcel.dao.TableDao.getColumn       : <==      Total: 21
2019-06-13 11:43:30.346 DEBUG 2932 --- [http-nio-8080-exec-1] c.m.doExcel.dao.TableDao.getColumn       : ==>  Preparing: SELECT b.table_schema, b.table_name, b.column_name, b.column_type, b.column_comment FROM information_schema.COLUMNS b WHERE b.table_schema = ? AND b.table_name = ? ORDER BY b.table_schema, b.table_name, b.ordinal_position 
2019-06-13 11:43:30.346 DEBUG 2932 --- [http-nio-8080-exec-1] c.m.doExcel.dao.TableDao.getColumn       : ==> Parameters: db_yw_sg(String), um_evt_census(String)
2019-06-13 11:43:30.351 DEBUG 2932 --- [http-nio-8080-exec-1] c.m.doExcel.dao.TableDao.getColumn       : <==      Total: 30
2019-06-13 11:43:30.352 DEBUG 2932 --- [http-nio-8080-exec-1] c.m.doExcel.dao.TableDao.getColumn       : ==>  Preparing: SELECT b.table_schema, b.table_name, b.column_name, b.column_type, b.column_comment FROM information_schema.COLUMNS b WHERE b.table_schema = ? AND b.table_name = ? ORDER BY b.table_schema, b.table_name, b.ordinal_position 
2019-06-13 11:43:30.352 DEBUG 2932 --- [http-nio-8080-exec-1] c.m.doExcel.dao.TableDao.getColumn       : ==> Parameters: db_yw_sg(String), um_evt_census_task(String)
2019-06-13 11:43:30.357 DEBUG 2932 --- [http-nio-8080-exec-1] c.m.doExcel.dao.TableDao.getColumn       : <==      Total: 22
2019-06-13 11:43:30.357 DEBUG 2932 --- [http-nio-8080-exec-1] c.m.doExcel.dao.TableDao.getColumn       : ==>  Preparing: SELECT b.table_schema, b.table_name, b.column_name, b.column_type, b.column_comment FROM information_schema.COLUMNS b WHERE b.table_schema = ? AND b.table_name = ? ORDER BY b.table_schema, b.table_name, b.ordinal_position 
2019-06-13 11:43:30.357 DEBUG 2932 --- [http-nio-8080-exec-1] c.m.doExcel.dao.TableDao.getColumn       : ==> Parameters: db_yw_sg(String), um_evt_chg_term(String)
2019-06-13 11:43:30.363 DEBUG 2932 --- [http-nio-8080-exec-1] c.m.doExcel.dao.TableDao.getColumn       : <==      Total: 22
2019-06-13 11:43:30.363 DEBUG 2932 --- [http-nio-8080-exec-1] c.m.doExcel.dao.TableDao.getColumn       : ==>  Preparing: SELECT b.table_schema, b.table_name, b.column_name, b.column_type, b.column_comment FROM information_schema.COLUMNS b WHERE b.table_schema = ? AND b.table_name = ? ORDER BY b.table_schema, b.table_name, b.ordinal_position 
2019-06-13 11:43:30.364 DEBUG 2932 --- [http-nio-8080-exec-1] c.m.doExcel.dao.TableDao.getColumn       : ==> Parameters: db_yw_sg(String), um_evt_dept_proc(String)
2019-06-13 11:43:30.370 DEBUG 2932 --- [http-nio-8080-exec-1] c.m.doExcel.dao.TableDao.getColumn       : <==      Total: 19
2019-06-13 11:43:30.371 DEBUG 2932 --- [http-nio-8080-exec-1] c.m.doExcel.dao.TableDao.getColumn       : ==>  Preparing: SELECT b.table_schema, b.table_name, b.column_name, b.column_type, b.column_comment FROM information_schema.COLUMNS b WHERE b.table_schema = ? AND b.table_name = ? ORDER BY b.table_schema, b.table_name, b.ordinal_position 
2019-06-13 11:43:30.373 DEBUG 2932 --- [http-nio-8080-exec-1] c.m.doExcel.dao.TableDao.getColumn       : ==> Parameters: db_yw_sg(String), um_evt_dispatch(String)
2019-06-13 11:43:30.378 DEBUG 2932 --- [http-nio-8080-exec-1] c.m.doExcel.dao.TableDao.getColumn       : <==      Total: 16
2019-06-13 11:43:30.379 DEBUG 2932 --- [http-nio-8080-exec-1] c.m.doExcel.dao.TableDao.getColumn       : ==>  Preparing: SELECT b.table_schema, b.table_name, b.column_name, b.column_type, b.column_comment FROM information_schema.COLUMNS b WHERE b.table_schema = ? AND b.table_name = ? ORDER BY b.table_schema, b.table_name, b.ordinal_position 
2019-06-13 11:43:30.379 DEBUG 2932 --- [http-nio-8080-exec-1] c.m.doExcel.dao.TableDao.getColumn       : ==> Parameters: db_yw_sg(String), um_evt_dispatch_inform(String)
2019-06-13 11:43:30.385 DEBUG 2932 --- [http-nio-8080-exec-1] c.m.doExcel.dao.TableDao.getColumn       : <==      Total: 12
2019-06-13 11:43:30.386 DEBUG 2932 --- [http-nio-8080-exec-1] c.m.doExcel.dao.TableDao.getColumn       : ==>  Preparing: SELECT b.table_schema, b.table_name, b.column_name, b.column_type, b.column_comment FROM information_schema.COLUMNS b WHERE b.table_schema = ? AND b.table_name = ? ORDER BY b.table_schema, b.table_name, b.ordinal_position 
2019-06-13 11:43:30.387 DEBUG 2932 --- [http-nio-8080-exec-1] c.m.doExcel.dao.TableDao.getColumn       : ==> Parameters: db_yw_sg(String), um_evt_evaluation_score(String)
2019-06-13 11:43:30.392 DEBUG 2932 --- [http-nio-8080-exec-1] c.m.doExcel.dao.TableDao.getColumn       : <==      Total: 10
2019-06-13 11:43:30.393 DEBUG 2932 --- [http-nio-8080-exec-1] c.m.doExcel.dao.TableDao.getColumn       : ==>  Preparing: SELECT b.table_schema, b.table_name, b.column_name, b.column_type, b.column_comment FROM information_schema.COLUMNS b WHERE b.table_schema = ? AND b.table_name = ? ORDER BY b.table_schema, b.table_name, b.ordinal_position 
2019-06-13 11:43:30.394 DEBUG 2932 --- [http-nio-8080-exec-1] c.m.doExcel.dao.TableDao.getColumn       : ==> Parameters: db_yw_sg(String), um_evt_ext(String)
2019-06-13 11:43:30.401 DEBUG 2932 --- [http-nio-8080-exec-1] c.m.doExcel.dao.TableDao.getColumn       : <==      Total: 10
2019-06-13 11:43:30.403 DEBUG 2932 --- [http-nio-8080-exec-1] c.m.doExcel.dao.TableDao.getColumn       : ==>  Preparing: SELECT b.table_schema, b.table_name, b.column_name, b.column_type, b.column_comment FROM information_schema.COLUMNS b WHERE b.table_schema = ? AND b.table_name = ? ORDER BY b.table_schema, b.table_name, b.ordinal_position 
2019-06-13 11:43:30.403 DEBUG 2932 --- [http-nio-8080-exec-1] c.m.doExcel.dao.TableDao.getColumn       : ==> Parameters: db_yw_sg(String), um_evt_freq_words(String)
2019-06-13 11:43:30.408 DEBUG 2932 --- [http-nio-8080-exec-1] c.m.doExcel.dao.TableDao.getColumn       : <==      Total: 11
2019-06-13 11:43:30.408 DEBUG 2932 --- [http-nio-8080-exec-1] c.m.doExcel.dao.TableDao.getColumn       : ==>  Preparing: SELECT b.table_schema, b.table_name, b.column_name, b.column_type, b.column_comment FROM information_schema.COLUMNS b WHERE b.table_schema = ? AND b.table_name = ? ORDER BY b.table_schema, b.table_name, b.ordinal_position 
2019-06-13 11:43:30.409 DEBUG 2932 --- [http-nio-8080-exec-1] c.m.doExcel.dao.TableDao.getColumn       : ==> Parameters: db_yw_sg(String), um_evt_freq_words_node(String)
2019-06-13 11:43:30.414 DEBUG 2932 --- [http-nio-8080-exec-1] c.m.doExcel.dao.TableDao.getColumn       : <==      Total: 11
2019-06-13 11:43:30.415 DEBUG 2932 --- [http-nio-8080-exec-1] c.m.doExcel.dao.TableDao.getColumn       : ==>  Preparing: SELECT b.table_schema, b.table_name, b.column_name, b.column_type, b.column_comment FROM information_schema.COLUMNS b WHERE b.table_schema = ? AND b.table_name = ? ORDER BY b.table_schema, b.table_name, b.ordinal_position 
2019-06-13 11:43:30.416 DEBUG 2932 --- [http-nio-8080-exec-1] c.m.doExcel.dao.TableDao.getColumn       : ==> Parameters: db_yw_sg(String), um_evt_in_label(String)
2019-06-13 11:43:30.420 DEBUG 2932 --- [http-nio-8080-exec-1] c.m.doExcel.dao.TableDao.getColumn       : <==      Total: 11
2019-06-13 11:43:30.421 DEBUG 2932 --- [http-nio-8080-exec-1] c.m.doExcel.dao.TableDao.getColumn       : ==>  Preparing: SELECT b.table_schema, b.table_name, b.column_name, b.column_type, b.column_comment FROM information_schema.COLUMNS b WHERE b.table_schema = ? AND b.table_name = ? ORDER BY b.table_schema, b.table_name, b.ordinal_position 
2019-06-13 11:43:30.421 DEBUG 2932 --- [http-nio-8080-exec-1] c.m.doExcel.dao.TableDao.getColumn       : ==> Parameters: db_yw_sg(String), um_evt_label(String)
2019-06-13 11:43:30.426 DEBUG 2932 --- [http-nio-8080-exec-1] c.m.doExcel.dao.TableDao.getColumn       : <==      Total: 10
2019-06-13 11:43:30.427 DEBUG 2932 --- [http-nio-8080-exec-1] c.m.doExcel.dao.TableDao.getColumn       : ==>  Preparing: SELECT b.table_schema, b.table_name, b.column_name, b.column_type, b.column_comment FROM information_schema.COLUMNS b WHERE b.table_schema = ? AND b.table_name = ? ORDER BY b.table_schema, b.table_name, b.ordinal_position 
2019-06-13 11:43:30.427 DEBUG 2932 --- [http-nio-8080-exec-1] c.m.doExcel.dao.TableDao.getColumn       : ==> Parameters: db_yw_sg(String), um_evt_log(String)
2019-06-13 11:43:30.434 DEBUG 2932 --- [http-nio-8080-exec-1] c.m.doExcel.dao.TableDao.getColumn       : <==      Total: 8
2019-06-13 11:43:30.435 DEBUG 2932 --- [http-nio-8080-exec-1] c.m.doExcel.dao.TableDao.getColumn       : ==>  Preparing: SELECT b.table_schema, b.table_name, b.column_name, b.column_type, b.column_comment FROM information_schema.COLUMNS b WHERE b.table_schema = ? AND b.table_name = ? ORDER BY b.table_schema, b.table_name, b.ordinal_position 
2019-06-13 11:43:30.435 DEBUG 2932 --- [http-nio-8080-exec-1] c.m.doExcel.dao.TableDao.getColumn       : ==> Parameters: db_yw_sg(String), um_evt_repeat_cond(String)
2019-06-13 11:43:30.442 DEBUG 2932 --- [http-nio-8080-exec-1] c.m.doExcel.dao.TableDao.getColumn       : <==      Total: 9
2019-06-13 11:43:30.442 DEBUG 2932 --- [http-nio-8080-exec-1] c.m.doExcel.dao.TableDao.getColumn       : ==>  Preparing: SELECT b.table_schema, b.table_name, b.column_name, b.column_type, b.column_comment FROM information_schema.COLUMNS b WHERE b.table_schema = ? AND b.table_name = ? ORDER BY b.table_schema, b.table_name, b.ordinal_position 
2019-06-13 11:43:30.443 DEBUG 2932 --- [http-nio-8080-exec-1] c.m.doExcel.dao.TableDao.getColumn       : ==> Parameters: db_yw_sg(String), um_evt_repeat_cond_detail(String)
2019-06-13 11:43:30.448 DEBUG 2932 --- [http-nio-8080-exec-1] c.m.doExcel.dao.TableDao.getColumn       : <==      Total: 11
2019-06-13 11:43:30.449 DEBUG 2932 --- [http-nio-8080-exec-1] c.m.doExcel.dao.TableDao.getColumn       : ==>  Preparing: SELECT b.table_schema, b.table_name, b.column_name, b.column_type, b.column_comment FROM information_schema.COLUMNS b WHERE b.table_schema = ? AND b.table_name = ? ORDER BY b.table_schema, b.table_name, b.ordinal_position 
2019-06-13 11:43:30.449 DEBUG 2932 --- [http-nio-8080-exec-1] c.m.doExcel.dao.TableDao.getColumn       : ==> Parameters: db_yw_sg(String), um_evt_rollback(String)
2019-06-13 11:43:30.455 DEBUG 2932 --- [http-nio-8080-exec-1] c.m.doExcel.dao.TableDao.getColumn       : <==      Total: 25
2019-06-13 11:43:30.457 DEBUG 2932 --- [http-nio-8080-exec-1] c.m.doExcel.dao.TableDao.getColumn       : ==>  Preparing: SELECT b.table_schema, b.table_name, b.column_name, b.column_type, b.column_comment FROM information_schema.COLUMNS b WHERE b.table_schema = ? AND b.table_name = ? ORDER BY b.table_schema, b.table_name, b.ordinal_position 
2019-06-13 11:43:30.457 DEBUG 2932 --- [http-nio-8080-exec-1] c.m.doExcel.dao.TableDao.getColumn       : ==> Parameters: db_yw_sg(String), um_evt_show_repoeter_apply(String)
2019-06-13 11:43:30.462 DEBUG 2932 --- [http-nio-8080-exec-1] c.m.doExcel.dao.TableDao.getColumn       : <==      Total: 15
2019-06-13 11:43:30.463 DEBUG 2932 --- [http-nio-8080-exec-1] c.m.doExcel.dao.TableDao.getColumn       : ==>  Preparing: SELECT b.table_schema, b.table_name, b.column_name, b.column_type, b.column_comment FROM information_schema.COLUMNS b WHERE b.table_schema = ? AND b.table_name = ? ORDER BY b.table_schema, b.table_name, b.ordinal_position 
2019-06-13 11:43:30.464 DEBUG 2932 --- [http-nio-8080-exec-1] c.m.doExcel.dao.TableDao.getColumn       : ==> Parameters: db_yw_sg(String), um_evt_urge(String)
2019-06-13 11:43:30.469 DEBUG 2932 --- [http-nio-8080-exec-1] c.m.doExcel.dao.TableDao.getColumn       : <==      Total: 14
2019-06-13 11:43:30.470 DEBUG 2932 --- [http-nio-8080-exec-1] c.m.doExcel.dao.TableDao.getColumn       : ==>  Preparing: SELECT b.table_schema, b.table_name, b.column_name, b.column_type, b.column_comment FROM information_schema.COLUMNS b WHERE b.table_schema = ? AND b.table_name = ? ORDER BY b.table_schema, b.table_name, b.ordinal_position 
2019-06-13 11:43:30.470 DEBUG 2932 --- [http-nio-8080-exec-1] c.m.doExcel.dao.TableDao.getColumn       : ==> Parameters: db_yw_sg(String), um_news_notice(String)
2019-06-13 11:43:30.475 DEBUG 2932 --- [http-nio-8080-exec-1] c.m.doExcel.dao.TableDao.getColumn       : <==      Total: 10
2019-06-13 11:43:30.476 DEBUG 2932 --- [http-nio-8080-exec-1] c.m.doExcel.dao.TableDao.getColumn       : ==>  Preparing: SELECT b.table_schema, b.table_name, b.column_name, b.column_type, b.column_comment FROM information_schema.COLUMNS b WHERE b.table_schema = ? AND b.table_name = ? ORDER BY b.table_schema, b.table_name, b.ordinal_position 
2019-06-13 11:43:30.476 DEBUG 2932 --- [http-nio-8080-exec-1] c.m.doExcel.dao.TableDao.getColumn       : ==> Parameters: db_yw_sg(String), um_news_receiving_object(String)
2019-06-13 11:43:30.481 DEBUG 2932 --- [http-nio-8080-exec-1] c.m.doExcel.dao.TableDao.getColumn       : <==      Total: 8
2019-06-13 11:43:30.481 DEBUG 2932 --- [http-nio-8080-exec-1] c.m.doExcel.dao.TableDao.getColumn       : ==>  Preparing: SELECT b.table_schema, b.table_name, b.column_name, b.column_type, b.column_comment FROM information_schema.COLUMNS b WHERE b.table_schema = ? AND b.table_name = ? ORDER BY b.table_schema, b.table_name, b.ordinal_position 
2019-06-13 11:43:30.482 DEBUG 2932 --- [http-nio-8080-exec-1] c.m.doExcel.dao.TableDao.getColumn       : ==> Parameters: db_yw_sg(String), um_ob_attendance(String)
2019-06-13 11:43:30.490 DEBUG 2932 --- [http-nio-8080-exec-1] c.m.doExcel.dao.TableDao.getColumn       : <==      Total: 10
2019-06-13 11:43:30.491 DEBUG 2932 --- [http-nio-8080-exec-1] c.m.doExcel.dao.TableDao.getColumn       : ==>  Preparing: SELECT b.table_schema, b.table_name, b.column_name, b.column_type, b.column_comment FROM information_schema.COLUMNS b WHERE b.table_schema = ? AND b.table_name = ? ORDER BY b.table_schema, b.table_name, b.ordinal_position 
2019-06-13 11:43:30.491 DEBUG 2932 --- [http-nio-8080-exec-1] c.m.doExcel.dao.TableDao.getColumn       : ==> Parameters: db_yw_sg(String), um_ob_attendance_setting(String)
2019-06-13 11:43:30.501 DEBUG 2932 --- [http-nio-8080-exec-1] c.m.doExcel.dao.TableDao.getColumn       : <==      Total: 11
2019-06-13 11:43:30.502 DEBUG 2932 --- [http-nio-8080-exec-1] c.m.doExcel.dao.TableDao.getColumn       : ==>  Preparing: SELECT b.table_schema, b.table_name, b.column_name, b.column_type, b.column_comment FROM information_schema.COLUMNS b WHERE b.table_schema = ? AND b.table_name = ? ORDER BY b.table_schema, b.table_name, b.ordinal_position 
2019-06-13 11:43:30.502 DEBUG 2932 --- [http-nio-8080-exec-1] c.m.doExcel.dao.TableDao.getColumn       : ==> Parameters: db_yw_sg(String), um_ob_clock_log(String)
2019-06-13 11:43:30.507 DEBUG 2932 --- [http-nio-8080-exec-1] c.m.doExcel.dao.TableDao.getColumn       : <==      Total: 16
2019-06-13 11:43:30.508 DEBUG 2932 --- [http-nio-8080-exec-1] c.m.doExcel.dao.TableDao.getColumn       : ==>  Preparing: SELECT b.table_schema, b.table_name, b.column_name, b.column_type, b.column_comment FROM information_schema.COLUMNS b WHERE b.table_schema = ? AND b.table_name = ? ORDER BY b.table_schema, b.table_name, b.ordinal_position 
2019-06-13 11:43:30.508 DEBUG 2932 --- [http-nio-8080-exec-1] c.m.doExcel.dao.TableDao.getColumn       : ==> Parameters: db_yw_sg(String), um_ob_company_ext(String)
2019-06-13 11:43:30.519 DEBUG 2932 --- [http-nio-8080-exec-1] c.m.doExcel.dao.TableDao.getColumn       : <==      Total: 19
2019-06-13 11:43:30.520 DEBUG 2932 --- [http-nio-8080-exec-1] c.m.doExcel.dao.TableDao.getColumn       : ==>  Preparing: SELECT b.table_schema, b.table_name, b.column_name, b.column_type, b.column_comment FROM information_schema.COLUMNS b WHERE b.table_schema = ? AND b.table_name = ? ORDER BY b.table_schema, b.table_name, b.ordinal_position 
2019-06-13 11:43:30.520 DEBUG 2932 --- [http-nio-8080-exec-1] c.m.doExcel.dao.TableDao.getColumn       : ==> Parameters: db_yw_sg(String), um_ob_company_rule(String)
2019-06-13 11:43:30.525 DEBUG 2932 --- [http-nio-8080-exec-1] c.m.doExcel.dao.TableDao.getColumn       : <==      Total: 10
2019-06-13 11:43:30.526 DEBUG 2932 --- [http-nio-8080-exec-1] c.m.doExcel.dao.TableDao.getColumn       : ==>  Preparing: SELECT b.table_schema, b.table_name, b.column_name, b.column_type, b.column_comment FROM information_schema.COLUMNS b WHERE b.table_schema = ? AND b.table_name = ? ORDER BY b.table_schema, b.table_name, b.ordinal_position 
2019-06-13 11:43:30.526 DEBUG 2932 --- [http-nio-8080-exec-1] c.m.doExcel.dao.TableDao.getColumn       : ==> Parameters: db_yw_sg(String), um_ob_cus_work_grid(String)
2019-06-13 11:43:30.531 DEBUG 2932 --- [http-nio-8080-exec-1] c.m.doExcel.dao.TableDao.getColumn       : <==      Total: 8
2019-06-13 11:43:30.532 DEBUG 2932 --- [http-nio-8080-exec-1] c.m.doExcel.dao.TableDao.getColumn       : ==>  Preparing: SELECT b.table_schema, b.table_name, b.column_name, b.column_type, b.column_comment FROM information_schema.COLUMNS b WHERE b.table_schema = ? AND b.table_name = ? ORDER BY b.table_schema, b.table_name, b.ordinal_position 
2019-06-13 11:43:30.532 DEBUG 2932 --- [http-nio-8080-exec-1] c.m.doExcel.dao.TableDao.getColumn       : ==> Parameters: db_yw_sg(String), um_ob_cus_work_grid_point(String)
2019-06-13 11:43:30.537 DEBUG 2932 --- [http-nio-8080-exec-1] c.m.doExcel.dao.TableDao.getColumn       : <==      Total: 8
2019-06-13 11:43:30.538 DEBUG 2932 --- [http-nio-8080-exec-1] c.m.doExcel.dao.TableDao.getColumn       : ==>  Preparing: SELECT b.table_schema, b.table_name, b.column_name, b.column_type, b.column_comment FROM information_schema.COLUMNS b WHERE b.table_schema = ? AND b.table_name = ? ORDER BY b.table_schema, b.table_name, b.ordinal_position 
2019-06-13 11:43:30.538 DEBUG 2932 --- [http-nio-8080-exec-1] c.m.doExcel.dao.TableDao.getColumn       : ==> Parameters: db_yw_sg(String), um_ob_ext(String)
2019-06-13 11:43:30.544 DEBUG 2932 --- [http-nio-8080-exec-1] c.m.doExcel.dao.TableDao.getColumn       : <==      Total: 20
2019-06-13 11:43:30.545 DEBUG 2932 --- [http-nio-8080-exec-1] c.m.doExcel.dao.TableDao.getColumn       : ==>  Preparing: SELECT b.table_schema, b.table_name, b.column_name, b.column_type, b.column_comment FROM information_schema.COLUMNS b WHERE b.table_schema = ? AND b.table_name = ? ORDER BY b.table_schema, b.table_name, b.ordinal_position 
2019-06-13 11:43:30.545 DEBUG 2932 --- [http-nio-8080-exec-1] c.m.doExcel.dao.TableDao.getColumn       : ==> Parameters: db_yw_sg(String), um_ob_gprs_log(String)
2019-06-13 11:43:30.553 DEBUG 2932 --- [http-nio-8080-exec-1] c.m.doExcel.dao.TableDao.getColumn       : <==      Total: 9
2019-06-13 11:43:30.553 DEBUG 2932 --- [http-nio-8080-exec-1] c.m.doExcel.dao.TableDao.getColumn       : ==>  Preparing: SELECT b.table_schema, b.table_name, b.column_name, b.column_type, b.column_comment FROM information_schema.COLUMNS b WHERE b.table_schema = ? AND b.table_name = ? ORDER BY b.table_schema, b.table_name, b.ordinal_position 
2019-06-13 11:43:30.554 DEBUG 2932 --- [http-nio-8080-exec-1] c.m.doExcel.dao.TableDao.getColumn       : ==> Parameters: db_yw_sg(String), um_ob_img(String)
2019-06-13 11:43:30.559 DEBUG 2932 --- [http-nio-8080-exec-1] c.m.doExcel.dao.TableDao.getColumn       : <==      Total: 11
2019-06-13 11:43:30.559 DEBUG 2932 --- [http-nio-8080-exec-1] c.m.doExcel.dao.TableDao.getColumn       : ==>  Preparing: SELECT b.table_schema, b.table_name, b.column_name, b.column_type, b.column_comment FROM information_schema.COLUMNS b WHERE b.table_schema = ? AND b.table_name = ? ORDER BY b.table_schema, b.table_name, b.ordinal_position 
2019-06-13 11:43:30.560 DEBUG 2932 --- [http-nio-8080-exec-1] c.m.doExcel.dao.TableDao.getColumn       : ==> Parameters: db_yw_sg(String), um_ob_pda_maintain_log(String)
2019-06-13 11:43:30.567 DEBUG 2932 --- [http-nio-8080-exec-1] c.m.doExcel.dao.TableDao.getColumn       : <==      Total: 16
2019-06-13 11:43:30.567 DEBUG 2932 --- [http-nio-8080-exec-1] c.m.doExcel.dao.TableDao.getColumn       : ==>  Preparing: SELECT b.table_schema, b.table_name, b.column_name, b.column_type, b.column_comment FROM information_schema.COLUMNS b WHERE b.table_schema = ? AND b.table_name = ? ORDER BY b.table_schema, b.table_name, b.ordinal_position 
2019-06-13 11:43:30.568 DEBUG 2932 --- [http-nio-8080-exec-1] c.m.doExcel.dao.TableDao.getColumn       : ==> Parameters: db_yw_sg(String), um_ob_report_setting(String)
2019-06-13 11:43:30.577 DEBUG 2932 --- [http-nio-8080-exec-1] c.m.doExcel.dao.TableDao.getColumn       : <==      Total: 10
2019-06-13 11:43:30.579 DEBUG 2932 --- [http-nio-8080-exec-1] c.m.doExcel.dao.TableDao.getColumn       : ==>  Preparing: SELECT b.table_schema, b.table_name, b.column_name, b.column_type, b.column_comment FROM information_schema.COLUMNS b WHERE b.table_schema = ? AND b.table_name = ? ORDER BY b.table_schema, b.table_name, b.ordinal_position 
2019-06-13 11:43:30.579 DEBUG 2932 --- [http-nio-8080-exec-1] c.m.doExcel.dao.TableDao.getColumn       : ==> Parameters: db_yw_sg(String), um_ob_rw_tj(String)
2019-06-13 11:43:30.587 DEBUG 2932 --- [http-nio-8080-exec-1] c.m.doExcel.dao.TableDao.getColumn       : <==      Total: 29
2019-06-13 11:43:30.588 DEBUG 2932 --- [http-nio-8080-exec-1] c.m.doExcel.dao.TableDao.getColumn       : ==>  Preparing: SELECT b.table_schema, b.table_name, b.column_name, b.column_type, b.column_comment FROM information_schema.COLUMNS b WHERE b.table_schema = ? AND b.table_name = ? ORDER BY b.table_schema, b.table_name, b.ordinal_position 
2019-06-13 11:43:30.588 DEBUG 2932 --- [http-nio-8080-exec-1] c.m.doExcel.dao.TableDao.getColumn       : ==> Parameters: db_yw_sg(String), um_ob_schedule(String)
2019-06-13 11:43:30.593 DEBUG 2932 --- [http-nio-8080-exec-1] c.m.doExcel.dao.TableDao.getColumn       : <==      Total: 12
2019-06-13 11:43:30.594 DEBUG 2932 --- [http-nio-8080-exec-1] c.m.doExcel.dao.TableDao.getColumn       : ==>  Preparing: SELECT b.table_schema, b.table_name, b.column_name, b.column_type, b.column_comment FROM information_schema.COLUMNS b WHERE b.table_schema = ? AND b.table_name = ? ORDER BY b.table_schema, b.table_name, b.ordinal_position 
2019-06-13 11:43:30.594 DEBUG 2932 --- [http-nio-8080-exec-1] c.m.doExcel.dao.TableDao.getColumn       : ==> Parameters: db_yw_sg(String), um_ob_spot_chk(String)
2019-06-13 11:43:30.600 DEBUG 2932 --- [http-nio-8080-exec-1] c.m.doExcel.dao.TableDao.getColumn       : <==      Total: 12
2019-06-13 11:43:30.601 DEBUG 2932 --- [http-nio-8080-exec-1] c.m.doExcel.dao.TableDao.getColumn       : ==>  Preparing: SELECT b.table_schema, b.table_name, b.column_name, b.column_type, b.column_comment FROM information_schema.COLUMNS b WHERE b.table_schema = ? AND b.table_name = ? ORDER BY b.table_schema, b.table_name, b.ordinal_position 
2019-06-13 11:43:30.601 DEBUG 2932 --- [http-nio-8080-exec-1] c.m.doExcel.dao.TableDao.getColumn       : ==> Parameters: db_yw_sg(String), um_ob_spot_rst(String)
2019-06-13 11:43:30.609 DEBUG 2932 --- [http-nio-8080-exec-1] c.m.doExcel.dao.TableDao.getColumn       : <==      Total: 14
2019-06-13 11:43:30.610 DEBUG 2932 --- [http-nio-8080-exec-1] c.m.doExcel.dao.TableDao.getColumn       : ==>  Preparing: SELECT b.table_schema, b.table_name, b.column_name, b.column_type, b.column_comment FROM information_schema.COLUMNS b WHERE b.table_schema = ? AND b.table_name = ? ORDER BY b.table_schema, b.table_name, b.ordinal_position 
2019-06-13 11:43:30.610 DEBUG 2932 --- [http-nio-8080-exec-1] c.m.doExcel.dao.TableDao.getColumn       : ==> Parameters: db_yw_sg(String), um_ob_spot_setting(String)
2019-06-13 11:43:30.615 DEBUG 2932 --- [http-nio-8080-exec-1] c.m.doExcel.dao.TableDao.getColumn       : <==      Total: 11
2019-06-13 11:43:30.616 DEBUG 2932 --- [http-nio-8080-exec-1] c.m.doExcel.dao.TableDao.getColumn       : ==>  Preparing: SELECT b.table_schema, b.table_name, b.column_name, b.column_type, b.column_comment FROM information_schema.COLUMNS b WHERE b.table_schema = ? AND b.table_name = ? ORDER BY b.table_schema, b.table_name, b.ordinal_position 
2019-06-13 11:43:30.617 DEBUG 2932 --- [http-nio-8080-exec-1] c.m.doExcel.dao.TableDao.getColumn       : ==> Parameters: db_yw_sg(String), um_ob_trace(String)
2019-06-13 11:43:30.622 DEBUG 2932 --- [http-nio-8080-exec-1] c.m.doExcel.dao.TableDao.getColumn       : <==      Total: 19
2019-06-13 11:43:30.623 DEBUG 2932 --- [http-nio-8080-exec-1] c.m.doExcel.dao.TableDao.getColumn       : ==>  Preparing: SELECT b.table_schema, b.table_name, b.column_name, b.column_type, b.column_comment FROM information_schema.COLUMNS b WHERE b.table_schema = ? AND b.table_name = ? ORDER BY b.table_schema, b.table_name, b.ordinal_position 
2019-06-13 11:43:30.623 DEBUG 2932 --- [http-nio-8080-exec-1] c.m.doExcel.dao.TableDao.getColumn       : ==> Parameters: db_yw_sg(String), um_ob_work_plan(String)
2019-06-13 11:43:30.628 DEBUG 2932 --- [http-nio-8080-exec-1] c.m.doExcel.dao.TableDao.getColumn       : <==      Total: 12
2019-06-13 11:43:30.629 DEBUG 2932 --- [http-nio-8080-exec-1] c.m.doExcel.dao.TableDao.getColumn       : ==>  Preparing: SELECT b.table_schema, b.table_name, b.column_name, b.column_type, b.column_comment FROM information_schema.COLUMNS b WHERE b.table_schema = ? AND b.table_name = ? ORDER BY b.table_schema, b.table_name, b.ordinal_position 
2019-06-13 11:43:30.629 DEBUG 2932 --- [http-nio-8080-exec-1] c.m.doExcel.dao.TableDao.getColumn       : ==> Parameters: db_yw_sg(String), um_setting_access(String)
2019-06-13 11:43:30.634 DEBUG 2932 --- [http-nio-8080-exec-1] c.m.doExcel.dao.TableDao.getColumn       : <==      Total: 13
2019-06-13 11:43:30.635 DEBUG 2932 --- [http-nio-8080-exec-1] c.m.doExcel.dao.TableDao.getColumn       : ==>  Preparing: SELECT b.table_schema, b.table_name, b.column_name, b.column_type, b.column_comment FROM information_schema.COLUMNS b WHERE b.table_schema = ? AND b.table_name = ? ORDER BY b.table_schema, b.table_name, b.ordinal_position 
2019-06-13 11:43:30.635 DEBUG 2932 --- [http-nio-8080-exec-1] c.m.doExcel.dao.TableDao.getColumn       : ==> Parameters: db_yw_sg(String), um_setting_config(String)
2019-06-13 11:43:30.640 DEBUG 2932 --- [http-nio-8080-exec-1] c.m.doExcel.dao.TableDao.getColumn       : <==      Total: 11
2019-06-13 11:43:30.640 DEBUG 2932 --- [http-nio-8080-exec-1] c.m.doExcel.dao.TableDao.getColumn       : ==>  Preparing: SELECT b.table_schema, b.table_name, b.column_name, b.column_type, b.column_comment FROM information_schema.COLUMNS b WHERE b.table_schema = ? AND b.table_name = ? ORDER BY b.table_schema, b.table_name, b.ordinal_position 
2019-06-13 11:43:30.641 DEBUG 2932 --- [http-nio-8080-exec-1] c.m.doExcel.dao.TableDao.getColumn       : ==> Parameters: db_yw_sg(String), um_setting_watermark(String)
2019-06-13 11:43:30.646 DEBUG 2932 --- [http-nio-8080-exec-1] c.m.doExcel.dao.TableDao.getColumn       : <==      Total: 12
2019-06-13 11:43:30.647 DEBUG 2932 --- [http-nio-8080-exec-1] c.m.doExcel.dao.TableDao.getColumn       : ==>  Preparing: SELECT b.table_schema, b.table_name, b.column_name, b.column_type, b.column_comment FROM information_schema.COLUMNS b WHERE b.table_schema = ? AND b.table_name = ? ORDER BY b.table_schema, b.table_name, b.ordinal_position 
2019-06-13 11:43:30.647 DEBUG 2932 --- [http-nio-8080-exec-1] c.m.doExcel.dao.TableDao.getColumn       : ==> Parameters: db_yw_sg(String), um_sm_img(String)
2019-06-13 11:43:30.651 DEBUG 2932 --- [http-nio-8080-exec-1] c.m.doExcel.dao.TableDao.getColumn       : <==      Total: 9
2019-06-13 11:43:30.653 DEBUG 2932 --- [http-nio-8080-exec-1] c.m.doExcel.dao.TableDao.getColumn       : ==>  Preparing: SELECT b.table_schema, b.table_name, b.column_name, b.column_type, b.column_comment FROM information_schema.COLUMNS b WHERE b.table_schema = ? AND b.table_name = ? ORDER BY b.table_schema, b.table_name, b.ordinal_position 
2019-06-13 11:43:30.654 DEBUG 2932 --- [http-nio-8080-exec-1] c.m.doExcel.dao.TableDao.getColumn       : ==> Parameters: db_yw_sg(String), um_sm_media(String)
2019-06-13 11:43:30.659 DEBUG 2932 --- [http-nio-8080-exec-1] c.m.doExcel.dao.TableDao.getColumn       : <==      Total: 10
2019-06-13 11:43:30.677 DEBUG 2932 --- [http-nio-8080-exec-1] c.m.doExcel.dao.TableDao.getColumn       : ==>  Preparing: SELECT b.table_schema, b.table_name, b.column_name, b.column_type, b.column_comment FROM information_schema.COLUMNS b WHERE b.table_schema = ? AND b.table_name = ? ORDER BY b.table_schema, b.table_name, b.ordinal_position 
2019-06-13 11:43:30.677 DEBUG 2932 --- [http-nio-8080-exec-1] c.m.doExcel.dao.TableDao.getColumn       : ==> Parameters: db_yw_sg(String), work_grid_ext(String)
2019-06-13 11:43:30.684 DEBUG 2932 --- [http-nio-8080-exec-1] c.m.doExcel.dao.TableDao.getColumn       : <==      Total: 10
2019-06-13 11:43:30.685 DEBUG 2932 --- [http-nio-8080-exec-1] c.m.doExcel.dao.TableDao.getColumn       : ==>  Preparing: SELECT b.table_schema, b.table_name, b.column_name, b.column_type, b.column_comment FROM information_schema.COLUMNS b WHERE b.table_schema = ? AND b.table_name = ? ORDER BY b.table_schema, b.table_name, b.ordinal_position 
2019-06-13 11:43:30.685 DEBUG 2932 --- [http-nio-8080-exec-1] c.m.doExcel.dao.TableDao.getColumn       : ==> Parameters: db_yw_sg(String), wx_citizen_user(String)
2019-06-13 11:43:30.695 DEBUG 2932 --- [http-nio-8080-exec-1] c.m.doExcel.dao.TableDao.getColumn       : <==      Total: 26
